I190909 17:41:43.575402 1 util/log/clog.go:1199  [config] file created at: 2019/09/09 17:41:43
I190909 17:41:43.575402 1 util/log/clog.go:1199  [config] running on machine: roach3
I190909 17:41:43.575402 1 util/log/clog.go:1199  [config] binary: CockroachDB CCL v19.1.4 (x86_64-unknown-linux-gnu, built 2019/08/06 15:34:13, go1.11.6)
I190909 17:41:43.575402 1 util/log/clog.go:1199  [config] arguments: [/cockroach/cockroach start --insecure --join=roach1]
I190909 17:41:43.575402 1 util/log/clog.go:1199  line format: [IWEF]yymmdd hh:mm:ss.uuuuuu goid file:line msg utf8=✓
I190909 17:41:43.575401 1 cli/start.go:1033  logging to directory /cockroach/cockroach-data/logs
W190909 17:41:43.578332 1 cli/start.go:1068  RUNNING IN INSECURE MODE!

- Your cluster is open for any client that can access <all your IP addresses>.
- Any user, even root, can log in without providing a password.
- Any user, connecting as root, can read or write any data in your cluster.
- There is no network encryption nor authentication, and thus no confidentiality.

Check out how to secure your cluster: https://www.cockroachlabs.com/docs/v19.1/secure-a-cluster.html
I190909 17:41:43.579435 1 server/status/recorder.go:610  available memory from cgroups (8.0 EiB) exceeds system memory 2.0 GiB, using system memory
W190909 17:41:43.579682 1 cli/start.go:944  Using the default setting for --cache (128 MiB).
  A significantly larger value is usually needed for good performance.
  If you have a dedicated server a reasonable setting is --cache=.25 (500 MiB).
I190909 17:41:43.579966 1 server/status/recorder.go:610  available memory from cgroups (8.0 EiB) exceeds system memory 2.0 GiB, using system memory
W190909 17:41:43.579986 1 cli/start.go:957  Using the default setting for --max-sql-memory (128 MiB).
  A significantly larger value is usually needed in production.
  If you have a dedicated server a reasonable setting is --max-sql-memory=.25 (500 MiB).
I190909 17:41:43.580320 1 server/status/recorder.go:610  available memory from cgroups (8.0 EiB) exceeds system memory 2.0 GiB, using system memory
I190909 17:41:43.580360 1 cli/start.go:1082  CockroachDB CCL v19.1.4 (x86_64-unknown-linux-gnu, built 2019/08/06 15:34:13, go1.11.6)
I190909 17:41:43.706024 1 server/status/recorder.go:610  available memory from cgroups (8.0 EiB) exceeds system memory 2.0 GiB, using system memory
I190909 17:41:43.706047 1 server/config.go:386  system total memory: 2.0 GiB
I190909 17:41:43.706135 1 server/config.go:388  server configuration:
max offset             500000000
cache size             128 MiB
SQL memory pool size   128 MiB
scan interval          10m0s
scan min idle time     10ms
scan max idle time     1s
event log enabled      true
I190909 17:41:43.706166 1 cli/start.go:922  using local environment variables: COCKROACH_CHANNEL=official-docker
I190909 17:41:43.706190 1 cli/start.go:929  process identity: uid 0 euid 0 gid 0 egid 0
I190909 17:41:43.706232 1 cli/start.go:554  starting cockroach node
I190909 17:41:43.714266 16 storage/engine/rocksdb.go:613  opening rocksdb instance at "/cockroach/cockroach-data/cockroach-temp615914527"
I190909 17:41:43.809068 16 server/server.go:879  [n?] monitoring forward clock jumps based on server.clock.forward_jump_check_enabled
I190909 17:41:43.812099 16 storage/engine/rocksdb.go:613  opening rocksdb instance at "/cockroach/cockroach-data"
I190909 17:41:43.861793 16 server/config.go:494  [n?] 1 storage engine initialized
I190909 17:41:43.861808 16 server/config.go:497  [n?] RocksDB cache size: 128 MiB
I190909 17:41:43.861813 16 server/config.go:497  [n?] store 0: RocksDB, max size 0 B, max open file limit 1043576
W190909 17:41:43.867520 16 gossip/gossip.go:1496  [n?] no incoming or outgoing connections
I190909 17:41:43.867553 16 server/server.go:1470  [n?] no stores bootstrapped and --join flag specified, awaiting init command or join with an already initialized node.
I190909 17:41:43.871585 82 gossip/client.go:128  [n?] started gossip client to roach1:26257
I190909 17:41:43.874368 16 server/node.go:699  [n?] connecting to gossip network to verify cluster ID...
I190909 17:41:43.874437 16 server/node.go:719  [n?] node connected via gossip and verified as part of cluster "41945e40-a82f-46f1-987b-3adc8b371b6b"
W190909 17:41:43.875755 30 cli/start.go:896  neither --listen-addr nor --advertise-addr was specified.
The server will advertise "roach3" to other nodes, is this routable?

Consider using:
- for local-only servers:  --listen-addr=localhost
- for multi-node clusters: --advertise-addr=<host/IP addr>
I190909 17:41:43.881204 16 server/node.go:412  [n?] new node allocated ID 3
I190909 17:41:43.881372 16 gossip/gossip.go:392  [n3] NodeDescriptor set to node_id:3 address:<network_field:"tcp" address_field:"roach3:26257" > attrs:<> locality:<> ServerVersion:<major_val:19 minor_val:1 patch:0 unstable:0 > build_tag:"v19.1.4" started_at:1568050903881211184 
I190909 17:41:43.881443 16 storage/stores.go:244  [n3] read 0 node addresses from persistent storage
I190909 17:41:43.881609 16 storage/stores.go:263  [n3] wrote 2 node addresses to persistent storage
I190909 17:41:44.056991 16 server/node.go:677  [n3] bootstrapped store [n3,s3]
I190909 17:41:44.108071 16 server/node.go:542  [n3] node=3: started with [<no-attributes>=/cockroach/cockroach-data] engine(s) and attributes []
I190909 17:41:44.111533 16 server/status/recorder.go:610  [n3] available memory from cgroups (8.0 EiB) exceeds system memory 2.0 GiB, using system memory
I190909 17:41:44.116861 16 server/server.go:1592  [n3] starting http server at [::]:8080 (use: roach3:8080)
I190909 17:41:44.116879 16 server/server.go:1594  [n3] starting grpc/postgres server at [::]:26257
I190909 17:41:44.116887 16 server/server.go:1595  [n3] advertising CockroachDB node at roach3:26257
W190909 17:41:44.116943 16 jobs/registry.go:341  [n3] unable to get node liveness: node not in the liveness table
I190909 17:41:44.119479 16 server/server.go:1660  [n3] done ensuring all necessary migrations have run
I190909 17:41:44.119491 16 server/server.go:1663  [n3] serving sql connections
I190909 17:41:44.119570 16 cli/start.go:689  [config] clusterID: 41945e40-a82f-46f1-987b-3adc8b371b6b
I190909 17:41:44.119583 16 cli/start.go:697  node startup completed:
CockroachDB node starting at 2019-09-09 17:41:44.119527849 +0000 UTC (took 0.5s)
build:               CCL v19.1.4 @ 2019/08/06 15:34:13 (go1.11.6)
webui:               http://roach3:8080
sql:                 postgresql://root@roach3:26257?sslmode=disable
client flags:        /cockroach/cockroach <client cmd> --host=roach3:26257 --insecure
logs:                /cockroach/cockroach-data/logs
temp dir:            /cockroach/cockroach-data/cockroach-temp615914527
external I/O path:   /cockroach/cockroach-data/extern
store[0]:            path=/cockroach/cockroach-data
status:              initialized new node, joined pre-existing cluster
clusterID:           41945e40-a82f-46f1-987b-3adc8b371b6b
nodeID:              3
I190909 17:41:44.143424 149 server/server_update.go:67  [n3] no need to upgrade, cluster already at the newest version
I190909 17:41:44.182355 171 storage/replica_raftstorage.go:814  [n3,s3,r6/?:{-}] applying preemptive snapshot at index 34 (id=0afea6bf, encoded size=9012, 1 rocksdb batches, 0 log entries)
I190909 17:41:44.183396 152 sql/event_log.go:135  [n3] Event: "node_join", target: 3, info: {Descriptor:{NodeID:3 Address:roach3:26257 Attrs: Locality: ServerVersion:19.1 BuildTag:v19.1.4 StartedAt:1568050903881211184 LocalityAddress:[] XXX_NoUnkeyedLiteral:{} XXX_sizecache:0} ClusterID:41945e40-a82f-46f1-987b-3adc8b371b6b StartedAt:1568050903881211184 LastUp:1568050903881211184}
I190909 17:41:44.184879 171 storage/replica_raftstorage.go:820  [n3,s3,r6/?:/Table/{SystemCon…-11}] applied preemptive snapshot in 2ms [clear=0ms batch=0ms entries=0ms commit=2ms]
I190909 17:41:44.241486 212 storage/replica_raftstorage.go:814  [n3,s3,r4/?:{-}] applying preemptive snapshot at index 19 (id=e9e81aa1, encoded size=181402, 1 rocksdb batches, 0 log entries)
I190909 17:41:44.258523 212 storage/replica_raftstorage.go:820  [n3,s3,r4/?:/System{/tsd-tse}] applied preemptive snapshot in 17ms [clear=0ms batch=1ms entries=0ms commit=14ms]
I190909 17:41:44.371891 205 storage/replica_raftstorage.go:814  [n3,s3,r3/?:{-}] applying preemptive snapshot at index 41 (id=9b7d30bc, encoded size=73200, 1 rocksdb batches, 0 log entries)
I190909 17:41:44.373531 205 storage/replica_raftstorage.go:820  [n3,s3,r3/?:/System/{NodeLive…-tsd}] applied preemptive snapshot in 2ms [clear=0ms batch=0ms entries=0ms commit=1ms]
I190909 17:41:44.404446 249 storage/replica_raftstorage.go:814  [n3,s3,r8/?:{-}] applying preemptive snapshot at index 31 (id=2323fad0, encoded size=4700, 1 rocksdb batches, 0 log entries)
I190909 17:41:44.405140 249 storage/replica_raftstorage.go:820  [n3,s3,r8/?:/Table/1{2-3}] applied preemptive snapshot in 1ms [clear=0ms batch=0ms entries=0ms commit=1ms]
I190909 17:41:44.429385 266 storage/replica_raftstorage.go:814  [n3,s3,r5/?:{-}] applying preemptive snapshot at index 18 (id=42979be9, encoded size=703, 1 rocksdb batches, 0 log entries)
I190909 17:41:44.429983 266 storage/replica_raftstorage.go:820  [n3,s3,r5/?:/{Systemtse-Table/System…}] applied preemptive snapshot in 1ms [clear=0ms batch=0ms entries=0ms commit=0ms]
I190909 17:41:44.453401 277 storage/replica_raftstorage.go:814  [n3,s3,r7/?:{-}] applying preemptive snapshot at index 17 (id=af722f4b, encoded size=601, 1 rocksdb batches, 0 log entries)
I190909 17:41:44.453990 277 storage/replica_raftstorage.go:820  [n3,s3,r7/?:/Table/1{1-2}] applied preemptive snapshot in 1ms [clear=0ms batch=0ms entries=0ms commit=0ms]
I190909 17:41:44.500486 298 storage/replica_raftstorage.go:814  [n3,s3,r19/?:{-}] applying preemptive snapshot at index 16 (id=be61eb2a, encoded size=713, 1 rocksdb batches, 0 log entries)
I190909 17:41:44.502225 298 storage/replica_raftstorage.go:820  [n3,s3,r19/?:/Table/2{3-4}] applied preemptive snapshot in 2ms [clear=0ms batch=0ms entries=0ms commit=1ms]
I190909 17:41:44.556794 288 storage/replica_raftstorage.go:814  [n3,s3,r9/?:{-}] applying preemptive snapshot at index 44 (id=afec5c7d, encoded size=9135, 1 rocksdb batches, 0 log entries)
I190909 17:41:44.557702 288 storage/replica_raftstorage.go:820  [n3,s3,r9/?:/Table/1{3-4}] applied preemptive snapshot in 1ms [clear=0ms batch=0ms entries=0ms commit=1ms]
I190909 17:41:45.635244 28 gossip/gossip.go:1510  [n3] node has connected to cluster via gossip
I190909 17:41:45.635542 28 storage/stores.go:263  [n3] wrote 2 node addresses to persistent storage
I190909 17:41:47.093291 312 storage/replica_raftstorage.go:814  [n3,s3,r10/?:{-}] applying preemptive snapshot at index 17 (id=c2fdc603, encoded size=615, 1 rocksdb batches, 0 log entries)
I190909 17:41:47.093999 312 storage/replica_raftstorage.go:820  [n3,s3,r10/?:/Table/1{4-5}] applied preemptive snapshot in 1ms [clear=0ms batch=0ms entries=0ms commit=1ms]
I190909 17:41:48.096332 319 storage/replica_raftstorage.go:814  [n3,s3,r17/?:{-}] applying preemptive snapshot at index 17 (id=e81817c8, encoded size=615, 1 rocksdb batches, 0 log entries)
I190909 17:41:48.097020 319 storage/replica_raftstorage.go:820  [n3,s3,r17/?:/Table/2{1-2}] applied preemptive snapshot in 1ms [clear=0ms batch=0ms entries=0ms commit=1ms]
I190909 17:41:50.104232 355 storage/replica_raftstorage.go:814  [n3,s3,r1/?:{-}] applying preemptive snapshot at index 59 (id=1f3e79fa, encoded size=2732, 1 rocksdb batches, 0 log entries)
I190909 17:41:50.106462 355 storage/replica_raftstorage.go:820  [n3,s3,r1/?:/{Min-System/NodeL…}] applied preemptive snapshot in 2ms [clear=0ms batch=0ms entries=0ms commit=1ms]
I190909 17:41:51.109969 348 storage/replica_raftstorage.go:814  [n3,s3,r2/?:{-}] applying preemptive snapshot at index 24 (id=85f3a84f, encoded size=1053, 1 rocksdb batches, 0 log entries)
I190909 17:41:51.111162 348 storage/replica_raftstorage.go:820  [n3,s3,r2/?:/System/NodeLiveness{-Max}] applied preemptive snapshot in 1ms [clear=0ms batch=0ms entries=0ms commit=1ms]
I190909 17:41:52.105099 371 storage/replica_raftstorage.go:814  [n3,s3,r14/?:{-}] applying preemptive snapshot at index 17 (id=99b617f5, encoded size=615, 1 rocksdb batches, 0 log entries)
I190909 17:41:52.107294 371 storage/replica_raftstorage.go:820  [n3,s3,r14/?:/Table/1{8-9}] applied preemptive snapshot in 2ms [clear=0ms batch=0ms entries=0ms commit=1ms]
I190909 17:41:54.111229 380 storage/replica_raftstorage.go:814  [n3,s3,r16/?:{-}] applying preemptive snapshot at index 17 (id=df4f2ac5, encoded size=615, 1 rocksdb batches, 0 log entries)
I190909 17:41:54.112083 380 storage/replica_raftstorage.go:820  [n3,s3,r16/?:/Table/2{0-1}] applied preemptive snapshot in 1ms [clear=0ms batch=0ms entries=0ms commit=1ms]
I190909 17:41:54.122240 141 server/status/runtime.go:500  [n3] runtime stats: 169 MiB RSS, 158 goroutines, 94 MiB/30 MiB/135 MiB GO alloc/idle/total, 14 MiB/18 MiB CGO alloc/total, 0.0 CGO/sec, 0.0/0.0 %(u/s)time, 0.0 %gc (9x), 223 KiB/136 KiB (r/w)net
I190909 17:41:54.227013 136 storage/store.go:4216  [n3,s3] sstables (read amplification = 0):
I190909 17:41:54.227306 136 storage/store.go:4217  [n3,s3] 
** Compaction Stats [default] **
Level    Files   Size     Score Read(GB)  Rn(GB) Rnp1(GB) Write(GB) Wnew(GB) Moved(GB) W-Amp Rd(MB/s) Wr(MB/s) Comp(sec) Comp(cnt) Avg(sec) KeyIn KeyDrop
----------------------------------------------------------------------------------------------------------------------------------------------------------
 Sum      0/0    0.00 KB   0.0      0.0     0.0      0.0       0.0      0.0       0.0   0.0      0.0      0.0         0         0    0.000       0      0
 Int      0/0    0.00 KB   0.0      0.0     0.0      0.0       0.0      0.0       0.0   0.0      0.0      0.0         0         0    0.000       0      0
Uptime(secs): 10.4 total, 10.4 interval
Flush(GB): cumulative 0.000, interval 0.000
AddFile(GB): cumulative 0.000, interval 0.000
AddFile(Total Files): cumulative 0, interval 0
AddFile(L0 Files): cumulative 0, interval 0
AddFile(Keys): cumulative 0, interval 0
Cumulative compaction: 0.00 GB write, 0.00 MB/s write, 0.00 GB read, 0.00 MB/s read, 0.0 seconds
Interval compaction: 0.00 GB write, 0.00 MB/s write, 0.00 GB read, 0.00 MB/s read, 0.0 seconds
Stalls(count): 0 level0_slowdown, 0 level0_slowdown_with_compaction, 0 level0_numfiles, 0 level0_numfiles_with_compaction, 0 stop for pending_compaction_bytes, 0 slowdown for pending_compaction_bytes, 0 memtable_compaction, 0 memtable_slowdown, interval 0 total count
estimated_pending_compaction_bytes: 0 B
I190909 17:41:55.095876 385 storage/replica_raftstorage.go:814  [n3,s3,r11/?:{-}] applying preemptive snapshot at index 13 (id=b551930e, encoded size=226, 1 rocksdb batches, 0 log entries)
I190909 17:41:55.096852 385 storage/replica_raftstorage.go:820  [n3,s3,r11/?:/Table/1{5-6}] applied preemptive snapshot in 1ms [clear=0ms batch=0ms entries=0ms commit=1ms]
I190909 17:41:56.178592 407 storage/replica_raftstorage.go:814  [n3,s3,r20/?:{-}] applying preemptive snapshot at index 17 (id=87e6f113, encoded size=618, 1 rocksdb batches, 0 log entries)
I190909 17:41:56.180578 407 storage/replica_raftstorage.go:820  [n3,s3,r20/?:/{Table/24-Max}] applied preemptive snapshot in 2ms [clear=0ms batch=0ms entries=0ms commit=1ms]
I190909 17:41:58.221546 420 storage/replica_raftstorage.go:814  [n3,s3,r18/?:{-}] applying preemptive snapshot at index 17 (id=0f525c9b, encoded size=615, 1 rocksdb batches, 0 log entries)
I190909 17:41:58.222235 420 storage/replica_raftstorage.go:820  [n3,s3,r18/?:/Table/2{2-3}] applied preemptive snapshot in 1ms [clear=0ms batch=0ms entries=0ms commit=1ms]
I190909 17:41:59.121520 441 storage/replica_raftstorage.go:814  [n3,s3,r15/?:{-}] applying preemptive snapshot at index 17 (id=a44ce522, encoded size=615, 1 rocksdb batches, 0 log entries)
I190909 17:41:59.122654 441 storage/replica_raftstorage.go:820  [n3,s3,r15/?:/Table/{19-20}] applied preemptive snapshot in 1ms [clear=0ms batch=0ms entries=0ms commit=1ms]
I190909 17:42:01.129933 448 storage/replica_raftstorage.go:814  [n3,s3,r12/?:{-}] applying preemptive snapshot at index 17 (id=07eca26f, encoded size=615, 1 rocksdb batches, 0 log entries)
I190909 17:42:01.130573 448 storage/replica_raftstorage.go:820  [n3,s3,r12/?:/Table/1{6-7}] applied preemptive snapshot in 1ms [clear=0ms batch=0ms entries=0ms commit=0ms]
I190909 17:42:02.111882 469 storage/replica_raftstorage.go:814  [n3,s3,r13/?:{-}] applying preemptive snapshot at index 13 (id=d1a450fd, encoded size=226, 1 rocksdb batches, 0 log entries)
I190909 17:42:02.112910 469 storage/replica_raftstorage.go:820  [n3,s3,r13/?:/Table/1{7-8}] applied preemptive snapshot in 1ms [clear=0ms batch=0ms entries=0ms commit=1ms]
I190909 17:42:04.123378 141 server/status/runtime.go:500  [n3] runtime stats: 181 MiB RSS, 158 goroutines, 104 MiB/20 MiB/135 MiB GO alloc/idle/total, 15 MiB/18 MiB CGO alloc/total, 242.8 CGO/sec, 3.1/1.7 %(u/s)time, 0.0 %gc (0x), 151 KiB/95 KiB (r/w)net
I190909 17:42:14.124789 141 server/status/runtime.go:500  [n3] runtime stats: 190 MiB RSS, 160 goroutines, 112 MiB/12 MiB/135 MiB GO alloc/idle/total, 15 MiB/19 MiB CGO alloc/total, 30.5 CGO/sec, 1.0/0.7 %(u/s)time, 0.0 %gc (0x), 79 KiB/40 KiB (r/w)net
I190909 17:42:24.126525 141 server/status/runtime.go:500  [n3] runtime stats: 199 MiB RSS, 159 goroutines, 120 MiB/4.3 MiB/135 MiB GO alloc/idle/total, 15 MiB/19 MiB CGO alloc/total, 26.8 CGO/sec, 1.4/0.5 %(u/s)time, 0.0 %gc (0x), 76 KiB/34 KiB (r/w)net
I190909 17:42:34.130041 141 server/status/runtime.go:500  [n3] runtime stats: 205 MiB RSS, 159 goroutines, 80 MiB/103 MiB/201 MiB GO alloc/idle/total, 15 MiB/19 MiB CGO alloc/total, 27.1 CGO/sec, 1.4/1.0 %(u/s)time, 0.0 %gc (1x), 76 KiB/35 KiB (r/w)net
I190909 17:42:44.111429 137 gossip/gossip.go:557  [n3] gossip status (ok, 3 nodes)
gossip client (1/3 cur/max conns)
  1: roach1:26257 (1m0s: infos 85/271 sent/received, bytes 26583B/52860B sent/received)
gossip server (0/3 cur/max conns, infos 85/271 sent/received, bytes 26583B/52860B sent/received)
gossip connectivity
  n1 [sentinel];
  n2 -> n1; n3 -> n1;
I190909 17:42:44.139184 141 server/status/runtime.go:500  [n3] runtime stats: 207 MiB RSS, 159 goroutines, 88 MiB/96 MiB/201 MiB GO alloc/idle/total, 15 MiB/19 MiB CGO alloc/total, 28.8 CGO/sec, 2.3/1.1 %(u/s)time, 0.0 %gc (0x), 77 KiB/38 KiB (r/w)net
I190909 17:42:54.140495 141 server/status/runtime.go:500  [n3] runtime stats: 207 MiB RSS, 158 goroutines, 96 MiB/89 MiB/201 MiB GO alloc/idle/total, 15 MiB/19 MiB CGO alloc/total, 26.7 CGO/sec, 1.3/0.8 %(u/s)time, 0.0 %gc (0x), 75 KiB/34 KiB (r/w)net
I190909 17:43:04.142298 141 server/status/runtime.go:500  [n3] runtime stats: 208 MiB RSS, 153 goroutines, 104 MiB/82 MiB/201 MiB GO alloc/idle/total, 15 MiB/19 MiB CGO alloc/total, 26.9 CGO/sec, 1.1/0.6 %(u/s)time, 0.0 %gc (0x), 74 KiB/33 KiB (r/w)net
I190909 17:43:14.143449 141 server/status/runtime.go:500  [n3] runtime stats: 208 MiB RSS, 154 goroutines, 112 MiB/74 MiB/201 MiB GO alloc/idle/total, 15 MiB/19 MiB CGO alloc/total, 31.5 CGO/sec, 1.1/0.6 %(u/s)time, 0.0 %gc (0x), 79 KiB/41 KiB (r/w)net
I190909 17:43:24.144386 141 server/status/runtime.go:500  [n3] runtime stats: 210 MiB RSS, 154 goroutines, 120 MiB/67 MiB/201 MiB GO alloc/idle/total, 16 MiB/19 MiB CGO alloc/total, 29.4 CGO/sec, 1.3/1.3 %(u/s)time, 0.0 %gc (0x), 75 KiB/35 KiB (r/w)net
I190909 17:43:34.144500 141 server/status/runtime.go:500  [n3] runtime stats: 213 MiB RSS, 154 goroutines, 128 MiB/59 MiB/201 MiB GO alloc/idle/total, 16 MiB/19 MiB CGO alloc/total, 22.3 CGO/sec, 1.0/0.6 %(u/s)time, 0.0 %gc (0x), 73 KiB/33 KiB (r/w)net
I190909 17:43:44.108514 137 gossip/gossip.go:557  [n3] gossip status (ok, 3 nodes)
gossip client (1/3 cur/max conns)
  1: roach1:26257 (2m0s: infos 143/480 sent/received, bytes 35686B/80093B sent/received)
gossip server (0/3 cur/max conns, infos 143/480 sent/received, bytes 35686B/80093B sent/received)
I190909 17:43:44.145391 141 server/status/runtime.go:500  [n3] runtime stats: 222 MiB RSS, 153 goroutines, 136 MiB/52 MiB/201 MiB GO alloc/idle/total, 16 MiB/20 MiB CGO alloc/total, 31.8 CGO/sec, 1.3/0.5 %(u/s)time, 0.0 %gc (0x), 78 KiB/40 KiB (r/w)net
I190909 17:43:54.147293 141 server/status/runtime.go:500  [n3] runtime stats: 227 MiB RSS, 153 goroutines, 84 MiB/99 MiB/201 MiB GO alloc/idle/total, 16 MiB/20 MiB CGO alloc/total, 29.2 CGO/sec, 1.5/0.5 %(u/s)time, 0.0 %gc (1x), 76 KiB/36 KiB (r/w)net
I190909 17:44:04.149926 141 server/status/runtime.go:500  [n3] runtime stats: 228 MiB RSS, 153 goroutines, 92 MiB/93 MiB/201 MiB GO alloc/idle/total, 24 MiB/28 MiB CGO alloc/total, 28.4 CGO/sec, 1.5/0.5 %(u/s)time, 0.0 %gc (0x), 76 KiB/35 KiB (r/w)net
I190909 17:44:14.151564 141 server/status/runtime.go:500  [n3] runtime stats: 228 MiB RSS, 154 goroutines, 100 MiB/86 MiB/201 MiB GO alloc/idle/total, 24 MiB/28 MiB CGO alloc/total, 31.8 CGO/sec, 1.2/0.7 %(u/s)time, 0.0 %gc (0x), 79 KiB/41 KiB (r/w)net
I190909 17:44:24.154176 141 server/status/runtime.go:500  [n3] runtime stats: 229 MiB RSS, 154 goroutines, 108 MiB/78 MiB/201 MiB GO alloc/idle/total, 24 MiB/28 MiB CGO alloc/total, 29.3 CGO/sec, 1.0/0.8 %(u/s)time, 0.0 %gc (0x), 76 KiB/36 KiB (r/w)net
I190909 17:44:34.156683 141 server/status/runtime.go:500  [n3] runtime stats: 230 MiB RSS, 154 goroutines, 115 MiB/71 MiB/201 MiB GO alloc/idle/total, 24 MiB/28 MiB CGO alloc/total, 27.2 CGO/sec, 1.0/0.6 %(u/s)time, 0.0 %gc (0x), 74 KiB/33 KiB (r/w)net
I190909 17:44:44.111402 137 gossip/gossip.go:557  [n3] gossip status (ok, 3 nodes)
gossip client (1/3 cur/max conns)
  1: roach1:26257 (3m0s: infos 201/686 sent/received, bytes 44789B/106889B sent/received)
gossip server (0/3 cur/max conns, infos 201/686 sent/received, bytes 44789B/106889B sent/received)
I190909 17:44:44.158067 141 server/status/runtime.go:500  [n3] runtime stats: 230 MiB RSS, 153 goroutines, 123 MiB/64 MiB/201 MiB GO alloc/idle/total, 24 MiB/28 MiB CGO alloc/total, 29.1 CGO/sec, 0.8/1.0 %(u/s)time, 0.0 %gc (0x), 79 KiB/39 KiB (r/w)net
I190909 17:44:54.159237 141 server/status/runtime.go:500  [n3] runtime stats: 231 MiB RSS, 153 goroutines, 131 MiB/56 MiB/201 MiB GO alloc/idle/total, 24 MiB/28 MiB CGO alloc/total, 26.4 CGO/sec, 1.0/0.5 %(u/s)time, 0.0 %gc (0x), 74 KiB/34 KiB (r/w)net
I190909 17:45:04.161087 141 server/status/runtime.go:500  [n3] runtime stats: 232 MiB RSS, 153 goroutines, 139 MiB/48 MiB/201 MiB GO alloc/idle/total, 24 MiB/28 MiB CGO alloc/total, 26.6 CGO/sec, 0.9/0.7 %(u/s)time, 0.0 %gc (0x), 74 KiB/33 KiB (r/w)net
I190909 17:45:14.162390 141 server/status/runtime.go:500  [n3] runtime stats: 239 MiB RSS, 154 goroutines, 147 MiB/41 MiB/201 MiB GO alloc/idle/total, 24 MiB/28 MiB CGO alloc/total, 28.8 CGO/sec, 0.8/0.9 %(u/s)time, 0.0 %gc (0x), 77 KiB/37 KiB (r/w)net
I190909 17:45:24.164790 141 server/status/runtime.go:500  [n3] runtime stats: 243 MiB RSS, 154 goroutines, 85 MiB/98 MiB/201 MiB GO alloc/idle/total, 24 MiB/28 MiB CGO alloc/total, 26.8 CGO/sec, 1.0/0.9 %(u/s)time, 0.0 %gc (1x), 75 KiB/35 KiB (r/w)net
I190909 17:45:34.167644 141 server/status/runtime.go:500  [n3] runtime stats: 244 MiB RSS, 154 goroutines, 92 MiB/92 MiB/201 MiB GO alloc/idle/total, 24 MiB/28 MiB CGO alloc/total, 29.3 CGO/sec, 1.1/0.6 %(u/s)time, 0.0 %gc (0x), 77 KiB/36 KiB (r/w)net
I190909 17:45:44.113499 137 gossip/gossip.go:557  [n3] gossip status (ok, 3 nodes)
gossip client (1/3 cur/max conns)
  1: roach1:26257 (4m0s: infos 258/896 sent/received, bytes 53734B/134153B sent/received)
gossip server (0/3 cur/max conns, infos 258/896 sent/received, bytes 53734B/134153B sent/received)
I190909 17:45:44.169269 141 server/status/runtime.go:500  [n3] runtime stats: 244 MiB RSS, 153 goroutines, 100 MiB/85 MiB/201 MiB GO alloc/idle/total, 24 MiB/28 MiB CGO alloc/total, 29.8 CGO/sec, 0.6/0.9 %(u/s)time, 0.0 %gc (0x), 77 KiB/38 KiB (r/w)net
I190909 17:45:54.170017 141 server/status/runtime.go:500  [n3] runtime stats: 245 MiB RSS, 153 goroutines, 108 MiB/78 MiB/201 MiB GO alloc/idle/total, 24 MiB/28 MiB CGO alloc/total, 28.3 CGO/sec, 0.6/0.9 %(u/s)time, 0.0 %gc (0x), 76 KiB/36 KiB (r/w)net
I190909 17:46:04.170812 141 server/status/runtime.go:500  [n3] runtime stats: 246 MiB RSS, 153 goroutines, 116 MiB/70 MiB/201 MiB GO alloc/idle/total, 24 MiB/28 MiB CGO alloc/total, 24.0 CGO/sec, 0.8/0.8 %(u/s)time, 0.0 %gc (0x), 73 KiB/32 KiB (r/w)net
I190909 17:46:14.173481 141 server/status/runtime.go:500  [n3] runtime stats: 247 MiB RSS, 154 goroutines, 124 MiB/63 MiB/201 MiB GO alloc/idle/total, 32 MiB/36 MiB CGO alloc/total, 32.0 CGO/sec, 0.9/0.7 %(u/s)time, 0.0 %gc (0x), 79 KiB/40 KiB (r/w)net
I190909 17:46:24.184830 141 server/status/runtime.go:500  [n3] runtime stats: 247 MiB RSS, 154 goroutines, 132 MiB/56 MiB/201 MiB GO alloc/idle/total, 32 MiB/36 MiB CGO alloc/total, 28.1 CGO/sec, 1.1/0.7 %(u/s)time, 0.0 %gc (0x), 85 KiB/44 KiB (r/w)net
I190909 17:46:34.185374 141 server/status/runtime.go:500  [n3] runtime stats: 248 MiB RSS, 154 goroutines, 139 MiB/48 MiB/201 MiB GO alloc/idle/total, 32 MiB/36 MiB CGO alloc/total, 28.9 CGO/sec, 0.7/0.9 %(u/s)time, 0.0 %gc (0x), 78 KiB/37 KiB (r/w)net
I190909 17:46:44.110064 137 gossip/gossip.go:557  [n3] gossip status (ok, 3 nodes)
gossip client (1/3 cur/max conns)
  1: roach1:26257 (5m0s: infos 315/1105 sent/received, bytes 62689B/161288B sent/received)
gossip server (0/3 cur/max conns, infos 315/1105 sent/received, bytes 62689B/161288B sent/received)
I190909 17:46:44.198036 141 server/status/runtime.go:500  [n3] runtime stats: 248 MiB RSS, 153 goroutines, 147 MiB/40 MiB/201 MiB GO alloc/idle/total, 32 MiB/36 MiB CGO alloc/total, 29.2 CGO/sec, 3.8/0.7 %(u/s)time, 0.0 %gc (0x), 78 KiB/37 KiB (r/w)net
I190909 17:46:54.198896 141 server/status/runtime.go:500  [n3] runtime stats: 253 MiB RSS, 153 goroutines, 82 MiB/101 MiB/201 MiB GO alloc/idle/total, 32 MiB/36 MiB CGO alloc/total, 28.3 CGO/sec, 1.5/0.9 %(u/s)time, 0.0 %gc (1x), 77 KiB/36 KiB (r/w)net
I190909 17:47:04.200920 141 server/status/runtime.go:500  [n3] runtime stats: 253 MiB RSS, 153 goroutines, 90 MiB/94 MiB/201 MiB GO alloc/idle/total, 32 MiB/36 MiB CGO alloc/total, 29.4 CGO/sec, 0.4/1.3 %(u/s)time, 0.0 %gc (0x), 76 KiB/35 KiB (r/w)net
I190909 17:47:14.202774 141 server/status/runtime.go:500  [n3] runtime stats: 253 MiB RSS, 154 goroutines, 98 MiB/87 MiB/201 MiB GO alloc/idle/total, 32 MiB/36 MiB CGO alloc/total, 26.5 CGO/sec, 1.0/0.6 %(u/s)time, 0.0 %gc (0x), 76 KiB/37 KiB (r/w)net
I190909 17:47:24.209896 141 server/status/runtime.go:500  [n3] runtime stats: 254 MiB RSS, 154 goroutines, 106 MiB/80 MiB/201 MiB GO alloc/idle/total, 32 MiB/36 MiB CGO alloc/total, 28.3 CGO/sec, 1.5/0.4 %(u/s)time, 0.0 %gc (0x), 75 KiB/36 KiB (r/w)net
I190909 17:47:34.216822 141 server/status/runtime.go:500  [n3] runtime stats: 255 MiB RSS, 154 goroutines, 113 MiB/73 MiB/201 MiB GO alloc/idle/total, 32 MiB/36 MiB CGO alloc/total, 26.8 CGO/sec, 1.1/0.4 %(u/s)time, 0.0 %gc (0x), 73 KiB/32 KiB (r/w)net
I190909 17:47:44.110781 137 gossip/gossip.go:557  [n3] gossip status (ok, 3 nodes)
gossip client (1/3 cur/max conns)
  1: roach1:26257 (6m0s: infos 373/1312 sent/received, bytes 71793B/188301B sent/received)
gossip server (0/3 cur/max conns, infos 373/1312 sent/received, bytes 71793B/188301B sent/received)
I190909 17:47:44.220166 141 server/status/runtime.go:500  [n3] runtime stats: 256 MiB RSS, 153 goroutines, 121 MiB/66 MiB/201 MiB GO alloc/idle/total, 31 MiB/36 MiB CGO alloc/total, 29.2 CGO/sec, 0.7/1.2 %(u/s)time, 0.0 %gc (0x), 79 KiB/39 KiB (r/w)net
I190909 17:47:54.221119 141 server/status/runtime.go:500  [n3] runtime stats: 256 MiB RSS, 153 goroutines, 129 MiB/58 MiB/201 MiB GO alloc/idle/total, 31 MiB/36 MiB CGO alloc/total, 27.9 CGO/sec, 0.8/0.9 %(u/s)time, 0.0 %gc (0x), 75 KiB/36 KiB (r/w)net
I190909 17:48:04.223849 141 server/status/runtime.go:500  [n3] runtime stats: 257 MiB RSS, 153 goroutines, 137 MiB/50 MiB/201 MiB GO alloc/idle/total, 31 MiB/36 MiB CGO alloc/total, 26.2 CGO/sec, 1.1/0.5 %(u/s)time, 0.0 %gc (0x), 82 KiB/42 KiB (r/w)net
I190909 17:48:14.226365 141 server/status/runtime.go:500  [n3] runtime stats: 257 MiB RSS, 154 goroutines, 145 MiB/43 MiB/201 MiB GO alloc/idle/total, 31 MiB/36 MiB CGO alloc/total, 30.0 CGO/sec, 1.3/0.5 %(u/s)time, 0.0 %gc (0x), 69 KiB/30 KiB (r/w)net
I190909 17:48:24.227304 141 server/status/runtime.go:500  [n3] runtime stats: 259 MiB RSS, 154 goroutines, 152 MiB/35 MiB/201 MiB GO alloc/idle/total, 39 MiB/44 MiB CGO alloc/total, 28.1 CGO/sec, 1.8/1.0 %(u/s)time, 0.0 %gc (1x), 76 KiB/36 KiB (r/w)net
I190909 17:48:34.231990 141 server/status/runtime.go:500  [n3] runtime stats: 260 MiB RSS, 154 goroutines, 85 MiB/98 MiB/201 MiB GO alloc/idle/total, 39 MiB/44 MiB CGO alloc/total, 31.4 CGO/sec, 0.6/1.2 %(u/s)time, 0.0 %gc (0x), 85 KiB/44 KiB (r/w)net
I190909 17:48:44.110962 137 gossip/gossip.go:557  [n3] gossip status (ok, 3 nodes)
gossip client (1/3 cur/max conns)
  1: roach1:26257 (7m0s: infos 430/1522 sent/received, bytes 80739B/215615B sent/received)
gossip server (0/3 cur/max conns, infos 430/1522 sent/received, bytes 80739B/215615B sent/received)
I190909 17:48:44.233602 141 server/status/runtime.go:500  [n3] runtime stats: 260 MiB RSS, 153 goroutines, 92 MiB/92 MiB/201 MiB GO alloc/idle/total, 39 MiB/44 MiB CGO alloc/total, 26.2 CGO/sec, 0.9/0.9 %(u/s)time, 0.0 %gc (0x), 77 KiB/38 KiB (r/w)net
I190909 17:48:54.235413 141 server/status/runtime.go:500  [n3] runtime stats: 261 MiB RSS, 153 goroutines, 100 MiB/85 MiB/201 MiB GO alloc/idle/total, 39 MiB/44 MiB CGO alloc/total, 29.2 CGO/sec, 1.1/0.4 %(u/s)time, 0.0 %gc (0x), 76 KiB/35 KiB (r/w)net
I190909 17:49:04.236318 141 server/status/runtime.go:500  [n3] runtime stats: 262 MiB RSS, 153 goroutines, 108 MiB/78 MiB/201 MiB GO alloc/idle/total, 39 MiB/44 MiB CGO alloc/total, 30.9 CGO/sec, 2.3/2.3 %(u/s)time, 0.0 %gc (0x), 78 KiB/37 KiB (r/w)net
I190909 17:49:14.238193 141 server/status/runtime.go:500  [n3] runtime stats: 262 MiB RSS, 154 goroutines, 116 MiB/70 MiB/201 MiB GO alloc/idle/total, 39 MiB/44 MiB CGO alloc/total, 28.0 CGO/sec, 1.2/0.6 %(u/s)time, 0.0 %gc (0x), 69 KiB/30 KiB (r/w)net
I190909 17:49:24.240649 141 server/status/runtime.go:500  [n3] runtime stats: 263 MiB RSS, 154 goroutines, 124 MiB/63 MiB/201 MiB GO alloc/idle/total, 39 MiB/44 MiB CGO alloc/total, 29.8 CGO/sec, 1.2/0.4 %(u/s)time, 0.0 %gc (0x), 84 KiB/44 KiB (r/w)net
I190909 17:49:34.242919 141 server/status/runtime.go:500  [n3] runtime stats: 263 MiB RSS, 154 goroutines, 132 MiB/56 MiB/201 MiB GO alloc/idle/total, 39 MiB/44 MiB CGO alloc/total, 28.1 CGO/sec, 0.7/0.9 %(u/s)time, 0.0 %gc (0x), 74 KiB/33 KiB (r/w)net
I190909 17:49:44.109662 137 gossip/gossip.go:557  [n3] gossip status (ok, 3 nodes)
gossip client (1/3 cur/max conns)
  1: roach1:26257 (8m0s: infos 488/1731 sent/received, bytes 89843B/242800B sent/received)
gossip server (0/3 cur/max conns, infos 488/1731 sent/received, bytes 89843B/242800B sent/received)
I190909 17:49:44.246120 141 server/status/runtime.go:500  [n3] runtime stats: 264 MiB RSS, 153 goroutines, 139 MiB/48 MiB/201 MiB GO alloc/idle/total, 39 MiB/44 MiB CGO alloc/total, 29.1 CGO/sec, 1.2/0.6 %(u/s)time, 0.0 %gc (0x), 78 KiB/38 KiB (r/w)net
I190909 17:49:54.247612 141 server/status/runtime.go:500  [n3] runtime stats: 265 MiB RSS, 153 goroutines, 147 MiB/40 MiB/201 MiB GO alloc/idle/total, 39 MiB/44 MiB CGO alloc/total, 27.1 CGO/sec, 1.3/0.5 %(u/s)time, 0.0 %gc (1x), 76 KiB/36 KiB (r/w)net
I190909 17:50:04.261894 141 server/status/runtime.go:500  [n3] runtime stats: 265 MiB RSS, 153 goroutines, 81 MiB/102 MiB/201 MiB GO alloc/idle/total, 39 MiB/44 MiB CGO alloc/total, 25.6 CGO/sec, 1.2/0.6 %(u/s)time, 0.0 %gc (0x), 66 KiB/25 KiB (r/w)net
I190909 17:50:14.349719 141 server/status/runtime.go:500  [n3] runtime stats: 266 MiB RSS, 155 goroutines, 89 MiB/96 MiB/201 MiB GO alloc/idle/total, 39 MiB/44 MiB CGO alloc/total, 29.9 CGO/sec, 2.3/0.9 %(u/s)time, 0.0 %gc (0x), 76 KiB/38 KiB (r/w)net
I190909 17:50:24.351932 141 server/status/runtime.go:500  [n3] runtime stats: 267 MiB RSS, 154 goroutines, 97 MiB/88 MiB/201 MiB GO alloc/idle/total, 39 MiB/44 MiB CGO alloc/total, 30.8 CGO/sec, 1.6/0.5 %(u/s)time, 0.0 %gc (0x), 87 KiB/44 KiB (r/w)net
I190909 17:50:34.362080 141 server/status/runtime.go:500  [n3] runtime stats: 267 MiB RSS, 154 goroutines, 104 MiB/81 MiB/201 MiB GO alloc/idle/total, 39 MiB/44 MiB CGO alloc/total, 28.6 CGO/sec, 4.3/0.3 %(u/s)time, 0.0 %gc (0x), 75 KiB/34 KiB (r/w)net
I190909 17:50:44.112236 137 gossip/gossip.go:557  [n3] gossip status (ok, 3 nodes)
gossip client (1/3 cur/max conns)
  1: roach1:26257 (9m0s: infos 546/1938 sent/received, bytes 98947B/269863B sent/received)
gossip server (0/3 cur/max conns, infos 546/1938 sent/received, bytes 98947B/269863B sent/received)
I190909 17:50:44.364942 141 server/status/runtime.go:500  [n3] runtime stats: 268 MiB RSS, 154 goroutines, 112 MiB/74 MiB/201 MiB GO alloc/idle/total, 47 MiB/52 MiB CGO alloc/total, 29.2 CGO/sec, 0.9/1.0 %(u/s)time, 0.0 %gc (0x), 79 KiB/39 KiB (r/w)net
I190909 17:50:54.372267 141 server/status/runtime.go:500  [n3] runtime stats: 268 MiB RSS, 153 goroutines, 120 MiB/66 MiB/201 MiB GO alloc/idle/total, 47 MiB/52 MiB CGO alloc/total, 26.3 CGO/sec, 1.3/0.5 %(u/s)time, 0.0 %gc (0x), 75 KiB/35 KiB (r/w)net
I190909 17:51:04.375473 141 server/status/runtime.go:500  [n3] runtime stats: 269 MiB RSS, 153 goroutines, 128 MiB/59 MiB/202 MiB GO alloc/idle/total, 47 MiB/52 MiB CGO alloc/total, 25.8 CGO/sec, 1.0/0.5 %(u/s)time, 0.0 %gc (0x), 74 KiB/34 KiB (r/w)net
I190909 17:51:14.376772 141 server/status/runtime.go:500  [n3] runtime stats: 270 MiB RSS, 155 goroutines, 136 MiB/52 MiB/202 MiB GO alloc/idle/total, 47 MiB/52 MiB CGO alloc/total, 31.8 CGO/sec, 1.0/0.6 %(u/s)time, 0.0 %gc (0x), 78 KiB/39 KiB (r/w)net
I190909 17:51:24.381069 141 server/status/runtime.go:500  [n3] runtime stats: 270 MiB RSS, 154 goroutines, 144 MiB/44 MiB/202 MiB GO alloc/idle/total, 47 MiB/52 MiB CGO alloc/total, 26.0 CGO/sec, 0.5/0.9 %(u/s)time, 0.0 %gc (0x), 77 KiB/36 KiB (r/w)net
I190909 17:51:34.381914 141 server/status/runtime.go:500  [n3] runtime stats: 271 MiB RSS, 154 goroutines, 79 MiB/104 MiB/202 MiB GO alloc/idle/total, 47 MiB/52 MiB CGO alloc/total, 33.0 CGO/sec, 1.2/0.9 %(u/s)time, 0.0 %gc (1x), 79 KiB/39 KiB (r/w)net
I190909 17:51:44.108660 137 gossip/gossip.go:557  [n3] gossip status (ok, 3 nodes)
gossip client (1/3 cur/max conns)
  1: roach1:26257 (10m0s: infos 603/2148 sent/received, bytes 107893B/297127B sent/received)
gossip server (0/3 cur/max conns, infos 603/2148 sent/received, bytes 107893B/297127B sent/received)
I190909 17:51:44.383090 141 server/status/runtime.go:500  [n3] runtime stats: 272 MiB RSS, 153 goroutines, 87 MiB/97 MiB/202 MiB GO alloc/idle/total, 47 MiB/52 MiB CGO alloc/total, 31.3 CGO/sec, 0.8/0.9 %(u/s)time, 0.0 %gc (0x), 80 KiB/42 KiB (r/w)net
I190909 17:51:54.147725 136 storage/store.go:4216  [n3,s3] sstables (read amplification = 0):
I190909 17:51:54.147921 136 storage/store.go:4217  [n3,s3] 
** Compaction Stats [default] **
Level    Files   Size     Score Read(GB)  Rn(GB) Rnp1(GB) Write(GB) Wnew(GB) Moved(GB) W-Amp Rd(MB/s) Wr(MB/s) Comp(sec) Comp(cnt) Avg(sec) KeyIn KeyDrop
----------------------------------------------------------------------------------------------------------------------------------------------------------
 Sum      0/0    0.00 KB   0.0      0.0     0.0      0.0       0.0      0.0       0.0   0.0      0.0      0.0         0         0    0.000       0      0
 Int      0/0    0.00 KB   0.0      0.0     0.0      0.0       0.0      0.0       0.0   0.0      0.0      0.0         0         0    0.000       0      0
Uptime(secs): 610.3 total, 599.9 interval
Flush(GB): cumulative 0.000, interval 0.000
AddFile(GB): cumulative 0.000, interval 0.000
AddFile(Total Files): cumulative 0, interval 0
AddFile(L0 Files): cumulative 0, interval 0
AddFile(Keys): cumulative 0, interval 0
Cumulative compaction: 0.00 GB write, 0.00 MB/s write, 0.00 GB read, 0.00 MB/s read, 0.0 seconds
Interval compaction: 0.00 GB write, 0.00 MB/s write, 0.00 GB read, 0.00 MB/s read, 0.0 seconds
Stalls(count): 0 level0_slowdown, 0 level0_slowdown_with_compaction, 0 level0_numfiles, 0 level0_numfiles_with_compaction, 0 stop for pending_compaction_bytes, 0 slowdown for pending_compaction_bytes, 0 memtable_compaction, 0 memtable_slowdown, interval 0 total count
estimated_pending_compaction_bytes: 0 B
I190909 17:51:54.387376 141 server/status/runtime.go:500  [n3] runtime stats: 272 MiB RSS, 153 goroutines, 98 MiB/87 MiB/202 MiB GO alloc/idle/total, 47 MiB/52 MiB CGO alloc/total, 28.0 CGO/sec, 1.1/0.4 %(u/s)time, 0.0 %gc (0x), 75 KiB/34 KiB (r/w)net
I190909 17:52:04.393088 141 server/status/runtime.go:500  [n3] runtime stats: 272 MiB RSS, 153 goroutines, 106 MiB/80 MiB/202 MiB GO alloc/idle/total, 47 MiB/52 MiB CGO alloc/total, 27.3 CGO/sec, 0.9/0.6 %(u/s)time, 0.0 %gc (0x), 74 KiB/34 KiB (r/w)net
W190909 17:52:32.199767 1163 util/hlc/hlc.go:239  backward time jump detected (-1.076874 seconds)
I190909 17:52:32.218356 141 server/status/runtime.go:500  [n3] runtime stats: 272 MiB RSS, 155 goroutines, 106 MiB/80 MiB/202 MiB GO alloc/idle/total, 47 MiB/52 MiB CGO alloc/total, 4.1 CGO/sec, 0.6/0.1 %(u/s)time, 0.0 %gc (0x), 14 KiB/18 KiB (r/w)net
W190909 17:52:32.220176 28 gossip/gossip.go:1501  [n3] first range unavailable; trying remaining resolvers
I190909 17:52:32.226646 1187 gossip/client.go:128  [n3] started gossip client to roach2:26257
W190909 17:52:32.258200 104 storage/closedts/provider/provider.go:156  [ct-closer] unable to move closed timestamp forward: not live
E190909 17:52:32.264881 167 jobs/registry.go:327  error while adopting jobs: adopt-job: remote wall time is too far ahead (1.015072422s) to be trustworthy
I190909 17:52:32.266733 1187 gossip/client.go:133  [n3] closing client to n2 (roach2:26257): stopping outgoing client to n2 (roach2:26257); already have incoming
W190909 17:52:32.267972 164 internal/client/txn.go:509  [n3,hb] failure aborting transaction: remote wall time is too far ahead (1.034939375s) to be trustworthy; abort caused by: remote wall time is too far ahead (1.097546575s) to be trustworthy
W190909 17:52:32.268695 164 storage/node_liveness.go:463  [n3,hb] failed node liveness heartbeat: remote wall time is too far ahead (1.097546575s) to be trustworthy
I190909 17:52:32.274317 28 gossip/gossip.go:1510  [n3] node has connected to cluster via gossip
I190909 17:52:32.305486 82 gossip/client.go:133  [n3] closing client to n1 (roach1:26257): stopping outgoing client to n1 (roach1:26257); already have incoming
W190909 17:52:32.321901 1165 internal/client/txn.go:509  [n3,s3,r6/2:/Table/{SystemCon…-11}] failure aborting transaction: remote wall time is too far ahead (960.522522ms) to be trustworthy; abort caused by: remote wall time is too far ahead (969.054622ms) to be trustworthy
E190909 17:52:32.322055 1165 storage/replica_range_lease.go:292  [n3,s3,r6/2:/Table/{SystemCon…-11}] remote wall time is too far ahead (969.054622ms) to be trustworthy
W190909 17:52:32.349286 143 server/node.go:851  [n3,summaries] error recording status summaries: remote wall time is too far ahead (876.538645ms) to be trustworthy
W190909 17:52:32.349389 1181 internal/client/txn.go:509  [n3,s3,r6/2:/Table/{SystemCon…-11}] failure aborting transaction: remote wall time is too far ahead (932.690922ms) to be trustworthy; abort caused by: remote wall time is too far ahead (946.226522ms) to be trustworthy
E190909 17:52:32.349430 1181 storage/replica_range_lease.go:292  [n3,s3,r6/2:/Table/{SystemCon…-11}] remote wall time is too far ahead (946.226522ms) to be trustworthy
W190909 17:52:32.416724 1184 internal/client/txn.go:509  [n3,s3,r6/2:/Table/{SystemCon…-11}] failure aborting transaction: remote wall time is too far ahead (859.674122ms) to be trustworthy; abort caused by: remote wall time is too far ahead (860.798622ms) to be trustworthy
E190909 17:52:32.416766 1184 storage/replica_range_lease.go:292  [n3,s3,r6/2:/Table/{SystemCon…-11}] remote wall time is too far ahead (860.798622ms) to be trustworthy
W190909 17:52:32.535721 1204 internal/client/txn.go:509  [n3,s3,r6/2:/Table/{SystemCon…-11}] failure aborting transaction: remote wall time is too far ahead (740.795622ms) to be trustworthy; abort caused by: remote wall time is too far ahead (741.755522ms) to be trustworthy
E190909 17:52:32.535813 1204 storage/replica_range_lease.go:292  [n3,s3,r6/2:/Table/{SystemCon…-11}] remote wall time is too far ahead (741.755522ms) to be trustworthy
W190909 17:52:32.715937 1194 internal/client/txn.go:509  [n3,s3,r6/2:/Table/{SystemCon…-11}] failure aborting transaction: remote wall time is too far ahead (561.336622ms) to be trustworthy; abort caused by: remote wall time is too far ahead (562.968722ms) to be trustworthy
E190909 17:52:32.716060 1194 storage/replica_range_lease.go:292  [n3,s3,r6/2:/Table/{SystemCon…-11}] remote wall time is too far ahead (562.968722ms) to be trustworthy
W190909 17:52:32.763812 1207 internal/client/txn.go:509  [n3,s3,r6/2:/Table/{SystemCon…-11}] failure aborting transaction: remote wall time is too far ahead (513.036622ms) to be trustworthy; abort caused by: remote wall time is too far ahead (515.133822ms) to be trustworthy
E190909 17:52:32.763866 1207 storage/replica_range_lease.go:292  [n3,s3,r6/2:/Table/{SystemCon…-11}] remote wall time is too far ahead (515.133822ms) to be trustworthy
W190909 17:52:33.029931 143 server/node.go:880  [n3,summaries] health alerts detected: {Alerts:[{StoreID:0 Category:METRICS Description:liveness.heartbeatfailures Value:7 XXX_NoUnkeyedLiteral:{} XXX_sizecache:0}] XXX_NoUnkeyedLiteral:{} XXX_sizecache:0}
I190909 17:52:42.221307 141 server/status/runtime.go:500  [n3] runtime stats: 275 MiB RSS, 160 goroutines, 112 MiB/74 MiB/202 MiB GO alloc/idle/total, 47 MiB/53 MiB CGO alloc/total, 41.2 CGO/sec, 2.3/2.1 %(u/s)time, 0.0 %gc (0x), 131 KiB/74 KiB (r/w)net
I190909 17:52:42.908989 137 gossip/gossip.go:557  [n3] gossip status (ok, 3 nodes)
gossip client (0/3 cur/max conns)
gossip server (2/3 cur/max conns, infos 709/2329 sent/received, bytes 124803B/322003B sent/received)
  2: roach2:26257 (11s)
  1: roach1:26257 (11s)
gossip connectivity
  n1 [sentinel];
  n1 -> n3; n2 -> n1; n2 -> n3;
I190909 17:52:52.228123 141 server/status/runtime.go:500  [n3] runtime stats: 275 MiB RSS, 160 goroutines, 125 MiB/61 MiB/202 MiB GO alloc/idle/total, 47 MiB/53 MiB CGO alloc/total, 23.0 CGO/sec, 5.5/17.8 %(u/s)time, 0.0 %gc (0x), 65 KiB/43 KiB (r/w)net
I190909 17:53:02.195444 141 server/status/runtime.go:500  [n3] runtime stats: 276 MiB RSS, 159 goroutines, 132 MiB/54 MiB/202 MiB GO alloc/idle/total, 47 MiB/53 MiB CGO alloc/total, 31.7 CGO/sec, 1.6/2.8 %(u/s)time, 0.0 %gc (0x), 104 KiB/47 KiB (r/w)net
I190909 17:53:12.196905 141 server/status/runtime.go:500  [n3] runtime stats: 276 MiB RSS, 159 goroutines, 141 MiB/46 MiB/202 MiB GO alloc/idle/total, 55 MiB/61 MiB CGO alloc/total, 31.0 CGO/sec, 1.3/1.6 %(u/s)time, 0.0 %gc (0x), 90 KiB/52 KiB (r/w)net
I190909 17:53:22.646988 141 server/status/runtime.go:500  [n3] runtime stats: 277 MiB RSS, 159 goroutines, 84 MiB/98 MiB/202 MiB GO alloc/idle/total, 55 MiB/61 MiB CGO alloc/total, 19.6 CGO/sec, 1.1/1.6 %(u/s)time, 0.0 %gc (1x), 65 KiB/43 KiB (r/w)net
I190909 18:07:48.016910 141 server/status/runtime.go:500  [n3] runtime stats: 277 MiB RSS, 160 goroutines, 93 MiB/91 MiB/202 MiB GO alloc/idle/total, 55 MiB/61 MiB CGO alloc/total, 0.4 CGO/sec, 0.0/0.0 %(u/s)time, 0.0 %gc (0x), 108 KiB/52 KiB (r/w)net
I190909 18:07:58.018288 141 server/status/runtime.go:500  [n3] runtime stats: 278 MiB RSS, 160 goroutines, 101 MiB/84 MiB/202 MiB GO alloc/idle/total, 55 MiB/61 MiB CGO alloc/total, 31.3 CGO/sec, 1.2/1.5 %(u/s)time, 0.0 %gc (0x), 88 KiB/50 KiB (r/w)net
I190909 18:07:58.238647 137 gossip/gossip.go:557  [n3] gossip status (ok, 3 nodes)
gossip client (0/3 cur/max conns)
gossip server (2/3 cur/max conns, infos 1004/2692 sent/received, bytes 174496B/374039B sent/received)
  2: roach2:26257 (15m26s)
  1: roach1:26257 (15m26s)
I190909 18:08:08.022114 141 server/status/runtime.go:500  [n3] runtime stats: 279 MiB RSS, 160 goroutines, 109 MiB/76 MiB/202 MiB GO alloc/idle/total, 55 MiB/62 MiB CGO alloc/total, 32.9 CGO/sec, 1.0/1.6 %(u/s)time, 0.0 %gc (0x), 88 KiB/52 KiB (r/w)net
I190909 18:08:17.992077 141 server/status/runtime.go:500  [n3] runtime stats: 280 MiB RSS, 159 goroutines, 117 MiB/69 MiB/202 MiB GO alloc/idle/total, 55 MiB/62 MiB CGO alloc/total, 25.4 CGO/sec, 1.1/1.5 %(u/s)time, 0.0 %gc (0x), 84 KiB/46 KiB (r/w)net
I190909 18:08:27.993698 141 server/status/runtime.go:500  [n3] runtime stats: 280 MiB RSS, 159 goroutines, 125 MiB/62 MiB/202 MiB GO alloc/idle/total, 55 MiB/62 MiB CGO alloc/total, 30.0 CGO/sec, 0.9/1.9 %(u/s)time, 0.0 %gc (0x), 88 KiB/51 KiB (r/w)net
I190909 18:08:37.994928 141 server/status/runtime.go:500  [n3] runtime stats: 281 MiB RSS, 159 goroutines, 125 MiB/62 MiB/202 MiB GO alloc/idle/total, 55 MiB/62 MiB CGO alloc/total, 28.6 CGO/sec, 1.3/1.3 %(u/s)time, 0.0 %gc (0x), 87 KiB/47 KiB (r/w)net
I190909 18:08:47.966773 141 server/status/runtime.go:500  [n3] runtime stats: 281 MiB RSS, 155 goroutines, 133 MiB/54 MiB/202 MiB GO alloc/idle/total, 55 MiB/62 MiB CGO alloc/total, 28.8 CGO/sec, 1.9/1.5 %(u/s)time, 0.0 %gc (0x), 87 KiB/48 KiB (r/w)net
I190909 18:08:57.970069 141 server/status/runtime.go:500  [n3] runtime stats: 282 MiB RSS, 155 goroutines, 149 MiB/38 MiB/202 MiB GO alloc/idle/total, 55 MiB/62 MiB CGO alloc/total, 30.6 CGO/sec, 0.9/1.8 %(u/s)time, 0.0 %gc (0x), 88 KiB/50 KiB (r/w)net
I190909 18:08:58.175459 137 gossip/gossip.go:557  [n3] gossip status (ok, 3 nodes)
gossip client (0/3 cur/max conns)
gossip server (2/3 cur/max conns, infos 1314/3072 sent/received, bytes 226189B/427944B sent/received)
  2: roach2:26257 (16m26s)
  1: roach1:26257 (16m26s)
I190909 18:09:07.972674 141 server/status/runtime.go:500  [n3] runtime stats: 282 MiB RSS, 155 goroutines, 149 MiB/38 MiB/202 MiB GO alloc/idle/total, 55 MiB/62 MiB CGO alloc/total, 22.4 CGO/sec, 1.3/1.9 %(u/s)time, 0.0 %gc (1x), 83 KiB/45 KiB (r/w)net
I190909 18:09:17.948769 141 server/status/runtime.go:500  [n3] runtime stats: 283 MiB RSS, 154 goroutines, 91 MiB/93 MiB/202 MiB GO alloc/idle/total, 55 MiB/62 MiB CGO alloc/total, 29.7 CGO/sec, 1.0/1.7 %(u/s)time, 0.0 %gc (0x), 88 KiB/48 KiB (r/w)net
I190909 18:09:27.952767 141 server/status/runtime.go:500  [n3] runtime stats: 284 MiB RSS, 154 goroutines, 98 MiB/86 MiB/202 MiB GO alloc/idle/total, 55 MiB/62 MiB CGO alloc/total, 28.1 CGO/sec, 1.3/1.2 %(u/s)time, 0.0 %gc (0x), 87 KiB/49 KiB (r/w)net
I190909 18:09:37.953852 141 server/status/runtime.go:500  [n3] runtime stats: 285 MiB RSS, 154 goroutines, 106 MiB/79 MiB/202 MiB GO alloc/idle/total, 55 MiB/62 MiB CGO alloc/total, 28.7 CGO/sec, 1.3/1.4 %(u/s)time, 0.0 %gc (0x), 87 KiB/46 KiB (r/w)net
I190909 18:09:47.915191 141 server/status/runtime.go:500  [n3] runtime stats: 285 MiB RSS, 155 goroutines, 114 MiB/72 MiB/202 MiB GO alloc/idle/total, 63 MiB/70 MiB CGO alloc/total, 29.2 CGO/sec, 5.8/3.5 %(u/s)time, 0.0 %gc (0x), 86 KiB/48 KiB (r/w)net
I190909 18:09:57.916412 141 server/status/runtime.go:500  [n3] runtime stats: 286 MiB RSS, 155 goroutines, 122 MiB/64 MiB/202 MiB GO alloc/idle/total, 63 MiB/70 MiB CGO alloc/total, 29.6 CGO/sec, 1.0/2.0 %(u/s)time, 0.0 %gc (0x), 90 KiB/50 KiB (r/w)net
I190909 18:09:58.106135 137 gossip/gossip.go:557  [n3] gossip status (ok, 3 nodes)
gossip client (0/3 cur/max conns)
gossip server (2/3 cur/max conns, infos 1614/3453 sent/received, bytes 276711B/481914B sent/received)
  2: roach2:26257 (17m26s)
  1: roach1:26257 (17m26s)
I190909 18:10:07.919415 141 server/status/runtime.go:500  [n3] runtime stats: 286 MiB RSS, 155 goroutines, 130 MiB/56 MiB/202 MiB GO alloc/idle/total, 63 MiB/70 MiB CGO alloc/total, 28.3 CGO/sec, 1.4/1.5 %(u/s)time, 0.0 %gc (0x), 86 KiB/47 KiB (r/w)net
I190909 18:10:17.887512 141 server/status/runtime.go:500  [n3] runtime stats: 287 MiB RSS, 154 goroutines, 138 MiB/49 MiB/202 MiB GO alloc/idle/total, 63 MiB/70 MiB CGO alloc/total, 27.3 CGO/sec, 1.8/1.5 %(u/s)time, 0.0 %gc (0x), 87 KiB/48 KiB (r/w)net
I190909 18:10:27.890085 141 server/status/runtime.go:500  [n3] runtime stats: 288 MiB RSS, 154 goroutines, 138 MiB/49 MiB/202 MiB GO alloc/idle/total, 63 MiB/70 MiB CGO alloc/total, 28.4 CGO/sec, 1.6/1.2 %(u/s)time, 0.0 %gc (0x), 86 KiB/48 KiB (r/w)net
I190909 18:10:37.891540 141 server/status/runtime.go:500  [n3] runtime stats: 288 MiB RSS, 154 goroutines, 78 MiB/104 MiB/202 MiB GO alloc/idle/total, 63 MiB/70 MiB CGO alloc/total, 30.2 CGO/sec, 0.9/2.3 %(u/s)time, 0.0 %gc (1x), 88 KiB/49 KiB (r/w)net
I190909 18:10:47.857438 141 server/status/runtime.go:500  [n3] runtime stats: 289 MiB RSS, 155 goroutines, 78 MiB/104 MiB/202 MiB GO alloc/idle/total, 63 MiB/70 MiB CGO alloc/total, 31.0 CGO/sec, 1.4/1.3 %(u/s)time, 0.0 %gc (0x), 88 KiB/49 KiB (r/w)net
I190909 18:10:57.860665 141 server/status/runtime.go:500  [n3] runtime stats: 289 MiB RSS, 155 goroutines, 87 MiB/97 MiB/202 MiB GO alloc/idle/total, 63 MiB/70 MiB CGO alloc/total, 27.2 CGO/sec, 1.1/1.5 %(u/s)time, 0.0 %gc (0x), 88 KiB/49 KiB (r/w)net
I190909 18:10:58.034317 137 gossip/gossip.go:557  [n3] gossip status (ok, 3 nodes)
gossip client (0/3 cur/max conns)
gossip server (2/3 cur/max conns, infos 1914/3832 sent/received, bytes 327359B/535900B sent/received)
  1: roach1:26257 (18m26s)
  2: roach2:26257 (18m26s)
I190909 18:11:07.863377 141 server/status/runtime.go:500  [n3] runtime stats: 290 MiB RSS, 155 goroutines, 102 MiB/83 MiB/202 MiB GO alloc/idle/total, 63 MiB/70 MiB CGO alloc/total, 27.3 CGO/sec, 1.7/1.0 %(u/s)time, 0.0 %gc (0x), 86 KiB/46 KiB (r/w)net
I190909 18:11:17.831883 141 server/status/runtime.go:500  [n3] runtime stats: 290 MiB RSS, 154 goroutines, 102 MiB/83 MiB/202 MiB GO alloc/idle/total, 63 MiB/70 MiB CGO alloc/total, 28.2 CGO/sec, 1.3/1.4 %(u/s)time, 0.0 %gc (0x), 85 KiB/47 KiB (r/w)net
I190909 18:11:27.836498 141 server/status/runtime.go:500  [n3] runtime stats: 291 MiB RSS, 154 goroutines, 118 MiB/68 MiB/202 MiB GO alloc/idle/total, 63 MiB/70 MiB CGO alloc/total, 31.0 CGO/sec, 0.9/1.7 %(u/s)time, 0.0 %gc (0x), 89 KiB/52 KiB (r/w)net
I190909 18:11:37.838296 141 server/status/runtime.go:500  [n3] runtime stats: 292 MiB RSS, 154 goroutines, 126 MiB/61 MiB/202 MiB GO alloc/idle/total, 63 MiB/70 MiB CGO alloc/total, 26.9 CGO/sec, 0.8/2.3 %(u/s)time, 0.0 %gc (0x), 86 KiB/46 KiB (r/w)net
I190909 18:11:47.807757 141 server/status/runtime.go:500  [n3] runtime stats: 292 MiB RSS, 155 goroutines, 134 MiB/53 MiB/202 MiB GO alloc/idle/total, 63 MiB/70 MiB CGO alloc/total, 27.6 CGO/sec, 1.4/1.5 %(u/s)time, 0.0 %gc (0x), 89 KiB/49 KiB (r/w)net
I190909 18:11:57.809423 141 server/status/runtime.go:500  [n3] runtime stats: 293 MiB RSS, 155 goroutines, 142 MiB/45 MiB/202 MiB GO alloc/idle/total, 63 MiB/70 MiB CGO alloc/total, 29.5 CGO/sec, 0.9/1.8 %(u/s)time, 0.0 %gc (0x), 88 KiB/50 KiB (r/w)net
I190909 18:11:57.967820 137 gossip/gossip.go:557  [n3] gossip status (ok, 3 nodes)
gossip client (0/3 cur/max conns)
gossip server (2/3 cur/max conns, infos 2217/4215 sent/received, bytes 378420B/590826B sent/received)
  2: roach2:26257 (19m26s)
  1: roach1:26257 (19m26s)
I190909 18:12:07.811307 141 server/status/runtime.go:500  [n3] runtime stats: 293 MiB RSS, 155 goroutines, 78 MiB/104 MiB/202 MiB GO alloc/idle/total, 71 MiB/78 MiB CGO alloc/total, 25.7 CGO/sec, 1.5/1.6 %(u/s)time, 0.0 %gc (1x), 84 KiB/46 KiB (r/w)net
I190909 18:12:17.778120 141 server/status/runtime.go:500  [n3] runtime stats: 294 MiB RSS, 154 goroutines, 86 MiB/97 MiB/202 MiB GO alloc/idle/total, 71 MiB/78 MiB CGO alloc/total, 28.8 CGO/sec, 0.6/1.9 %(u/s)time, 0.0 %gc (0x), 86 KiB/46 KiB (r/w)net
I190909 18:12:27.780695 141 server/status/runtime.go:500  [n3] runtime stats: 294 MiB RSS, 154 goroutines, 94 MiB/90 MiB/202 MiB GO alloc/idle/total, 71 MiB/78 MiB CGO alloc/total, 30.2 CGO/sec, 1.2/1.3 %(u/s)time, 0.0 %gc (0x), 86 KiB/49 KiB (r/w)net
I190909 18:12:37.783457 141 server/status/runtime.go:500  [n3] runtime stats: 295 MiB RSS, 154 goroutines, 102 MiB/83 MiB/202 MiB GO alloc/idle/total, 71 MiB/78 MiB CGO alloc/total, 27.6 CGO/sec, 1.0/1.6 %(u/s)time, 0.0 %gc (0x), 88 KiB/46 KiB (r/w)net
I190909 18:12:47.751288 141 server/status/runtime.go:500  [n3] runtime stats: 296 MiB RSS, 155 goroutines, 110 MiB/76 MiB/202 MiB GO alloc/idle/total, 71 MiB/78 MiB CGO alloc/total, 23.1 CGO/sec, 0.8/1.6 %(u/s)time, 0.0 %gc (0x), 82 KiB/45 KiB (r/w)net
I190909 18:12:57.753338 141 server/status/runtime.go:500  [n3] runtime stats: 296 MiB RSS, 155 goroutines, 118 MiB/68 MiB/202 MiB GO alloc/idle/total, 71 MiB/78 MiB CGO alloc/total, 30.5 CGO/sec, 0.9/1.7 %(u/s)time, 0.0 %gc (0x), 90 KiB/52 KiB (r/w)net
I190909 18:12:57.897902 137 gossip/gossip.go:557  [n3] gossip status (ok, 3 nodes)
gossip client (0/3 cur/max conns)
gossip server (2/3 cur/max conns, infos 2519/4597 sent/received, bytes 429504B/645703B sent/received)
  2: roach2:26257 (20m26s)
  1: roach1:26257 (20m26s)
I190909 18:13:07.755599 141 server/status/runtime.go:500  [n3] runtime stats: 297 MiB RSS, 155 goroutines, 126 MiB/61 MiB/202 MiB GO alloc/idle/total, 71 MiB/78 MiB CGO alloc/total, 31.2 CGO/sec, 1.3/1.6 %(u/s)time, 0.0 %gc (0x), 89 KiB/50 KiB (r/w)net
I190909 18:13:17.724214 141 server/status/runtime.go:500  [n3] runtime stats: 297 MiB RSS, 154 goroutines, 134 MiB/53 MiB/202 MiB GO alloc/idle/total, 71 MiB/78 MiB CGO alloc/total, 29.6 CGO/sec, 1.3/1.1 %(u/s)time, 0.0 %gc (0x), 86 KiB/49 KiB (r/w)net
I190909 18:13:27.725349 141 server/status/runtime.go:500  [n3] runtime stats: 298 MiB RSS, 154 goroutines, 142 MiB/45 MiB/202 MiB GO alloc/idle/total, 71 MiB/78 MiB CGO alloc/total, 27.6 CGO/sec, 0.9/1.7 %(u/s)time, 0.0 %gc (0x), 84 KiB/47 KiB (r/w)net
I190909 18:13:37.728920 141 server/status/runtime.go:500  [n3] runtime stats: 299 MiB RSS, 154 goroutines, 78 MiB/104 MiB/202 MiB GO alloc/idle/total, 71 MiB/78 MiB CGO alloc/total, 24.1 CGO/sec, 0.9/2.5 %(u/s)time, 0.0 %gc (1x), 84 KiB/45 KiB (r/w)net
I190909 18:13:47.698329 141 server/status/runtime.go:500  [n3] runtime stats: 236 MiB RSS, 155 goroutines, 86 MiB/97 MiB/202 MiB GO alloc/idle/total, 15 MiB/19 MiB CGO alloc/total, 27.9 CGO/sec, 8.3/2.7 %(u/s)time, 0.0 %gc (0x), 87 KiB/47 KiB (r/w)net
I190909 18:13:57.699753 141 server/status/runtime.go:500  [n3] runtime stats: 237 MiB RSS, 155 goroutines, 94 MiB/90 MiB/202 MiB GO alloc/idle/total, 15 MiB/20 MiB CGO alloc/total, 29.4 CGO/sec, 1.0/1.5 %(u/s)time, 0.0 %gc (0x), 87 KiB/50 KiB (r/w)net
I190909 18:13:57.829376 137 gossip/gossip.go:557  [n3] gossip status (ok, 3 nodes)
gossip client (0/3 cur/max conns)
gossip server (2/3 cur/max conns, infos 2818/4960 sent/received, bytes 479559B/697224B sent/received)
  2: roach2:26257 (21m26s)
  1: roach1:26257 (21m26s)
I190909 18:14:07.701378 141 server/status/runtime.go:500  [n3] runtime stats: 238 MiB RSS, 155 goroutines, 102 MiB/83 MiB/202 MiB GO alloc/idle/total, 15 MiB/20 MiB CGO alloc/total, 28.9 CGO/sec, 1.4/2.0 %(u/s)time, 0.0 %gc (0x), 85 KiB/48 KiB (r/w)net
I190909 18:14:17.673532 141 server/status/runtime.go:500  [n3] runtime stats: 238 MiB RSS, 154 goroutines, 110 MiB/76 MiB/202 MiB GO alloc/idle/total, 15 MiB/20 MiB CGO alloc/total, 28.5 CGO/sec, 0.7/1.3 %(u/s)time, 0.0 %gc (0x), 81 KiB/45 KiB (r/w)net
I190909 18:14:27.674856 141 server/status/runtime.go:500  [n3] runtime stats: 239 MiB RSS, 154 goroutines, 118 MiB/68 MiB/202 MiB GO alloc/idle/total, 15 MiB/20 MiB CGO alloc/total, 28.2 CGO/sec, 1.1/1.5 %(u/s)time, 0.0 %gc (0x), 86 KiB/50 KiB (r/w)net
I190909 18:14:37.677621 141 server/status/runtime.go:500  [n3] runtime stats: 240 MiB RSS, 154 goroutines, 126 MiB/61 MiB/202 MiB GO alloc/idle/total, 15 MiB/20 MiB CGO alloc/total, 26.3 CGO/sec, 1.2/0.9 %(u/s)time, 0.0 %gc (0x), 83 KiB/46 KiB (r/w)net
I190909 18:14:47.643728 141 server/status/runtime.go:500  [n3] runtime stats: 240 MiB RSS, 156 goroutines, 134 MiB/54 MiB/202 MiB GO alloc/idle/total, 15 MiB/20 MiB CGO alloc/total, 28.2 CGO/sec, 0.3/1.6 %(u/s)time, 0.0 %gc (0x), 83 KiB/46 KiB (r/w)net
I190909 18:14:57.644748 141 server/status/runtime.go:500  [n3] runtime stats: 241 MiB RSS, 155 goroutines, 142 MiB/46 MiB/202 MiB GO alloc/idle/total, 15 MiB/20 MiB CGO alloc/total, 30.3 CGO/sec, 0.9/1.2 %(u/s)time, 0.0 %gc (0x), 85 KiB/50 KiB (r/w)net
I190909 18:14:57.755606 137 gossip/gossip.go:557  [n3] gossip status (ok, 3 nodes)
gossip client (0/3 cur/max conns)
gossip server (2/3 cur/max conns, infos 3142/5271 sent/received, bytes 530989B/741903B sent/received)
  2: roach2:26257 (22m26s)
  1: roach1:26257 (22m25s)
I190909 18:15:07.646423 141 server/status/runtime.go:500  [n3] runtime stats: 241 MiB RSS, 155 goroutines, 78 MiB/104 MiB/202 MiB GO alloc/idle/total, 15 MiB/20 MiB CGO alloc/total, 22.2 CGO/sec, 0.8/1.7 %(u/s)time, 0.1 %gc (1x), 82 KiB/46 KiB (r/w)net
I190909 18:15:17.619887 141 server/status/runtime.go:500  [n3] runtime stats: 242 MiB RSS, 155 goroutines, 86 MiB/97 MiB/202 MiB GO alloc/idle/total, 15 MiB/20 MiB CGO alloc/total, 31.2 CGO/sec, 1.2/1.1 %(u/s)time, 0.0 %gc (0x), 86 KiB/46 KiB (r/w)net
I190909 18:15:27.621700 141 server/status/runtime.go:500  [n3] runtime stats: 243 MiB RSS, 154 goroutines, 94 MiB/90 MiB/202 MiB GO alloc/idle/total, 15 MiB/20 MiB CGO alloc/total, 27.3 CGO/sec, 1.0/2.0 %(u/s)time, 0.0 %gc (0x), 86 KiB/49 KiB (r/w)net
I190909 18:15:37.623739 141 server/status/runtime.go:500  [n3] runtime stats: 243 MiB RSS, 154 goroutines, 102 MiB/83 MiB/202 MiB GO alloc/idle/total, 15 MiB/20 MiB CGO alloc/total, 32.6 CGO/sec, 1.3/1.1 %(u/s)time, 0.0 %gc (0x), 87 KiB/50 KiB (r/w)net
I190909 18:15:47.590564 141 server/status/runtime.go:500  [n3] runtime stats: 244 MiB RSS, 155 goroutines, 110 MiB/76 MiB/202 MiB GO alloc/idle/total, 15 MiB/20 MiB CGO alloc/total, 28.4 CGO/sec, 1.1/1.6 %(u/s)time, 0.0 %gc (0x), 82 KiB/45 KiB (r/w)net
I190909 18:15:57.595207 141 server/status/runtime.go:500  [n3] runtime stats: 245 MiB RSS, 155 goroutines, 118 MiB/68 MiB/202 MiB GO alloc/idle/total, 23 MiB/28 MiB CGO alloc/total, 32.4 CGO/sec, 1.0/1.3 %(u/s)time, 0.0 %gc (0x), 89 KiB/54 KiB (r/w)net
I190909 18:15:57.686261 137 gossip/gossip.go:557  [n3] gossip status (ok, 3 nodes)
gossip client (0/3 cur/max conns)
gossip server (2/3 cur/max conns, infos 3460/5615 sent/received, bytes 582605B/791040B sent/received)
  2: roach2:26257 (23m25s)
  1: roach1:26257 (23m25s)
I190909 18:16:07.596823 141 server/status/runtime.go:500  [n3] runtime stats: 245 MiB RSS, 155 goroutines, 126 MiB/61 MiB/202 MiB GO alloc/idle/total, 23 MiB/28 MiB CGO alloc/total, 24.9 CGO/sec, 0.6/1.8 %(u/s)time, 0.0 %gc (0x), 85 KiB/47 KiB (r/w)net
I190909 18:16:17.564974 141 server/status/runtime.go:500  [n3] runtime stats: 246 MiB RSS, 154 goroutines, 134 MiB/53 MiB/202 MiB GO alloc/idle/total, 23 MiB/28 MiB CGO alloc/total, 31.2 CGO/sec, 1.4/1.5 %(u/s)time, 0.0 %gc (0x), 86 KiB/47 KiB (r/w)net
I190909 18:16:17.685863 136 storage/store.go:4216  [n3,s3] sstables (read amplification = 1):
0 [ 427K 1 ]: 427K
I190909 18:16:17.686158 136 storage/store.go:4217  [n3,s3] 
** Compaction Stats [default] **
Level    Files   Size     Score Read(GB)  Rn(GB) Rnp1(GB) Write(GB) Wnew(GB) Moved(GB) W-Amp Rd(MB/s) Wr(MB/s) Comp(sec) Comp(cnt) Avg(sec) KeyIn KeyDrop
----------------------------------------------------------------------------------------------------------------------------------------------------------
  L0      1/0   427.06 KB   0.5      0.0     0.0      0.0       0.0      0.0       0.0   1.0      0.0      0.6         1         1    0.704       0      0
 Sum      1/0   427.06 KB   0.0      0.0     0.0      0.0       0.0      0.0       0.0   1.0      0.0      0.6         1         1    0.704       0      0
 Int      0/0    0.00 KB   0.0      0.0     0.0      0.0       0.0      0.0       0.0   1.0      0.0      0.6         1         1    0.704       0      0
Uptime(secs): 2073.8 total, 1463.5 interval
Flush(GB): cumulative 0.000, interval 0.000
AddFile(GB): cumulative 0.000, interval 0.000
AddFile(Total Files): cumulative 0, interval 0
AddFile(L0 Files): cumulative 0, interval 0
AddFile(Keys): cumulative 0, interval 0
Cumulative compaction: 0.00 GB write, 0.00 MB/s write, 0.00 GB read, 0.00 MB/s read, 0.7 seconds
Interval compaction: 0.00 GB write, 0.00 MB/s write, 0.00 GB read, 0.00 MB/s read, 0.7 seconds
Stalls(count): 0 level0_slowdown, 0 level0_slowdown_with_compaction, 0 level0_numfiles, 0 level0_numfiles_with_compaction, 0 stop for pending_compaction_bytes, 0 slowdown for pending_compaction_bytes, 0 memtable_compaction, 0 memtable_slowdown, interval 0 total count
estimated_pending_compaction_bytes: 0 B
I190909 18:16:27.569984 141 server/status/runtime.go:500  [n3] runtime stats: 247 MiB RSS, 154 goroutines, 142 MiB/45 MiB/202 MiB GO alloc/idle/total, 23 MiB/28 MiB CGO alloc/total, 28.3 CGO/sec, 0.8/1.8 %(u/s)time, 0.0 %gc (0x), 84 KiB/48 KiB (r/w)net
I190909 18:16:37.573053 141 server/status/runtime.go:500  [n3] runtime stats: 247 MiB RSS, 154 goroutines, 78 MiB/104 MiB/202 MiB GO alloc/idle/total, 23 MiB/28 MiB CGO alloc/total, 25.3 CGO/sec, 1.3/2.0 %(u/s)time, 0.1 %gc (1x), 83 KiB/46 KiB (r/w)net
I190909 18:16:47.539050 141 server/status/runtime.go:500  [n3] runtime stats: 248 MiB RSS, 155 goroutines, 86 MiB/97 MiB/202 MiB GO alloc/idle/total, 23 MiB/28 MiB CGO alloc/total, 29.9 CGO/sec, 1.1/1.5 %(u/s)time, 0.0 %gc (0x), 86 KiB/46 KiB (r/w)net
I190909 18:16:57.540505 141 server/status/runtime.go:500  [n3] runtime stats: 248 MiB RSS, 155 goroutines, 94 MiB/90 MiB/202 MiB GO alloc/idle/total, 23 MiB/28 MiB CGO alloc/total, 31.7 CGO/sec, 1.6/2.3 %(u/s)time, 0.0 %gc (0x), 87 KiB/50 KiB (r/w)net
I190909 18:16:57.617410 137 gossip/gossip.go:557  [n3] gossip status (ok, 3 nodes)
gossip client (0/3 cur/max conns)
gossip server (2/3 cur/max conns, infos 3776/5971 sent/received, bytes 633809B/841372B sent/received)
  2: roach2:26257 (24m25s)
  1: roach1:26257 (24m25s)
I190909 18:17:07.545418 141 server/status/runtime.go:500  [n3] runtime stats: 249 MiB RSS, 155 goroutines, 102 MiB/83 MiB/202 MiB GO alloc/idle/total, 23 MiB/28 MiB CGO alloc/total, 26.8 CGO/sec, 1.4/1.5 %(u/s)time, 0.0 %gc (0x), 86 KiB/47 KiB (r/w)net
I190909 18:17:17.513185 141 server/status/runtime.go:500  [n3] runtime stats: 250 MiB RSS, 154 goroutines, 110 MiB/76 MiB/202 MiB GO alloc/idle/total, 23 MiB/28 MiB CGO alloc/total, 24.7 CGO/sec, 0.8/1.5 %(u/s)time, 0.0 %gc (0x), 82 KiB/44 KiB (r/w)net
I190909 18:17:27.515013 141 server/status/runtime.go:500  [n3] runtime stats: 250 MiB RSS, 154 goroutines, 118 MiB/68 MiB/202 MiB GO alloc/idle/total, 23 MiB/28 MiB CGO alloc/total, 32.0 CGO/sec, 1.4/1.4 %(u/s)time, 0.0 %gc (0x), 88 KiB/52 KiB (r/w)net
I190909 18:17:37.518045 141 server/status/runtime.go:500  [n3] runtime stats: 251 MiB RSS, 154 goroutines, 126 MiB/61 MiB/202 MiB GO alloc/idle/total, 23 MiB/28 MiB CGO alloc/total, 26.7 CGO/sec, 1.1/1.5 %(u/s)time, 0.0 %gc (0x), 85 KiB/46 KiB (r/w)net
I190909 18:17:47.483729 141 server/status/runtime.go:500  [n3] runtime stats: 252 MiB RSS, 155 goroutines, 134 MiB/53 MiB/202 MiB GO alloc/idle/total, 23 MiB/28 MiB CGO alloc/total, 29.8 CGO/sec, 1.3/1.5 %(u/s)time, 0.0 %gc (0x), 86 KiB/48 KiB (r/w)net
I190909 18:17:57.485132 141 server/status/runtime.go:500  [n3] runtime stats: 252 MiB RSS, 155 goroutines, 142 MiB/45 MiB/202 MiB GO alloc/idle/total, 23 MiB/28 MiB CGO alloc/total, 27.3 CGO/sec, 1.0/1.6 %(u/s)time, 0.0 %gc (0x), 86 KiB/50 KiB (r/w)net
I190909 18:17:57.548309 137 gossip/gossip.go:557  [n3] gossip status (ok, 3 nodes)
gossip client (0/3 cur/max conns)
gossip server (2/3 cur/max conns, infos 4081/6333 sent/received, bytes 684385B/893003B sent/received)
  2: roach2:26257 (25m25s)
  1: roach1:26257 (25m25s)
I190909 18:18:07.487217 141 server/status/runtime.go:500  [n3] runtime stats: 252 MiB RSS, 155 goroutines, 77 MiB/105 MiB/202 MiB GO alloc/idle/total, 23 MiB/28 MiB CGO alloc/total, 30.3 CGO/sec, 1.2/2.2 %(u/s)time, 0.0 %gc (1x), 88 KiB/50 KiB (r/w)net
I190909 18:18:18.054047 141 server/status/runtime.go:500  [n3] runtime stats: 253 MiB RSS, 154 goroutines, 85 MiB/98 MiB/202 MiB GO alloc/idle/total, 31 MiB/36 MiB CGO alloc/total, 22.5 CGO/sec, 4.0/1.3 %(u/s)time, 0.0 %gc (0x), 65 KiB/52 KiB (r/w)net
W190909 18:18:19.926554 97 storage/engine/rocksdb.go:2040  batch [619/69985/2] commit took 821.0211ms (>= warning threshold 500ms)
W190909 18:18:19.927449 164 storage/node_liveness.go:523  [n3,hb] slow heartbeat took 1.4s
I190909 18:18:28.059571 141 server/status/runtime.go:500  [n3] runtime stats: 254 MiB RSS, 154 goroutines, 100 MiB/84 MiB/202 MiB GO alloc/idle/total, 31 MiB/37 MiB CGO alloc/total, 38.4 CGO/sec, 8.1/7.3 %(u/s)time, 0.0 %gc (0x), 126 KiB/62 KiB (r/w)net
I190909 18:18:38.063537 141 server/status/runtime.go:500  [n3] runtime stats: 255 MiB RSS, 154 goroutines, 108 MiB/78 MiB/202 MiB GO alloc/idle/total, 31 MiB/37 MiB CGO alloc/total, 28.3 CGO/sec, 3.8/2.8 %(u/s)time, 0.0 %gc (0x), 84 KiB/46 KiB (r/w)net
I190909 18:18:48.030436 141 server/status/runtime.go:500  [n3] runtime stats: 256 MiB RSS, 155 goroutines, 115 MiB/71 MiB/202 MiB GO alloc/idle/total, 31 MiB/37 MiB CGO alloc/total, 24.6 CGO/sec, 2.0/1.5 %(u/s)time, 0.0 %gc (0x), 82 KiB/45 KiB (r/w)net
I190909 18:18:57.706956 137 gossip/gossip.go:557  [n3] gossip status (ok, 3 nodes)
gossip client (0/3 cur/max conns)
gossip server (2/3 cur/max conns, infos 4390/6670 sent/received, bytes 734368B/940569B sent/received)
  2: roach2:26257 (26m25s)
  1: roach1:26257 (26m25s)
I190909 18:18:58.149167 141 server/status/runtime.go:500  [n3] runtime stats: 256 MiB RSS, 155 goroutines, 118 MiB/68 MiB/202 MiB GO alloc/idle/total, 31 MiB/37 MiB CGO alloc/total, 27.3 CGO/sec, 4.3/5.0 %(u/s)time, 0.0 %gc (0x), 78 KiB/42 KiB (r/w)net
I190909 18:19:08.151979 141 server/status/runtime.go:500  [n3] runtime stats: 257 MiB RSS, 155 goroutines, 132 MiB/55 MiB/202 MiB GO alloc/idle/total, 31 MiB/37 MiB CGO alloc/total, 32.6 CGO/sec, 2.2/2.0 %(u/s)time, 0.0 %gc (0x), 96 KiB/59 KiB (r/w)net
I190909 18:19:18.120914 141 server/status/runtime.go:500  [n3] runtime stats: 257 MiB RSS, 154 goroutines, 140 MiB/48 MiB/202 MiB GO alloc/idle/total, 31 MiB/37 MiB CGO alloc/total, 26.0 CGO/sec, 2.2/1.3 %(u/s)time, 0.0 %gc (0x), 82 KiB/45 KiB (r/w)net
I190909 18:19:28.122554 141 server/status/runtime.go:500  [n3] runtime stats: 258 MiB RSS, 154 goroutines, 148 MiB/40 MiB/202 MiB GO alloc/idle/total, 31 MiB/37 MiB CGO alloc/total, 29.5 CGO/sec, 4.4/2.5 %(u/s)time, 0.0 %gc (0x), 85 KiB/50 KiB (r/w)net
I190909 18:19:38.124049 141 server/status/runtime.go:500  [n3] runtime stats: 258 MiB RSS, 154 goroutines, 83 MiB/99 MiB/202 MiB GO alloc/idle/total, 31 MiB/37 MiB CGO alloc/total, 26.1 CGO/sec, 2.1/1.5 %(u/s)time, 0.0 %gc (1x), 85 KiB/47 KiB (r/w)net
I190909 18:19:48.096396 141 server/status/runtime.go:500  [n3] runtime stats: 259 MiB RSS, 155 goroutines, 91 MiB/92 MiB/202 MiB GO alloc/idle/total, 31 MiB/37 MiB CGO alloc/total, 28.5 CGO/sec, 1.5/1.2 %(u/s)time, 0.0 %gc (0x), 83 KiB/45 KiB (r/w)net
I190909 18:19:57.415486 137 gossip/gossip.go:557  [n3] gossip status (ok, 3 nodes)
gossip client (0/3 cur/max conns)
gossip server (2/3 cur/max conns, infos 4708/7000 sent/received, bytes 785080B/987682B sent/received)
  2: roach2:26257 (27m25s)
  1: roach1:26257 (27m25s)
I190909 18:19:58.098812 141 server/status/runtime.go:500  [n3] runtime stats: 260 MiB RSS, 155 goroutines, 99 MiB/85 MiB/202 MiB GO alloc/idle/total, 31 MiB/37 MiB CGO alloc/total, 30.3 CGO/sec, 1.3/2.2 %(u/s)time, 0.0 %gc (0x), 90 KiB/52 KiB (r/w)net
I190909 18:20:08.103175 141 server/status/runtime.go:500  [n3] runtime stats: 260 MiB RSS, 155 goroutines, 107 MiB/78 MiB/202 MiB GO alloc/idle/total, 31 MiB/37 MiB CGO alloc/total, 25.3 CGO/sec, 0.8/2.1 %(u/s)time, 0.0 %gc (0x), 84 KiB/45 KiB (r/w)net
I190909 18:20:18.702200 141 server/status/runtime.go:500  [n3] runtime stats: 261 MiB RSS, 154 goroutines, 109 MiB/76 MiB/202 MiB GO alloc/idle/total, 31 MiB/37 MiB CGO alloc/total, 20.2 CGO/sec, 6.7/3.4 %(u/s)time, 0.0 %gc (0x), 64 KiB/27 KiB (r/w)net
I190909 18:20:28.705114 141 server/status/runtime.go:500  [n3] runtime stats: 262 MiB RSS, 154 goroutines, 123 MiB/63 MiB/202 MiB GO alloc/idle/total, 39 MiB/45 MiB CGO alloc/total, 38.5 CGO/sec, 3.9/2.8 %(u/s)time, 0.0 %gc (0x), 108 KiB/70 KiB (r/w)net
I190909 18:20:38.709637 141 server/status/runtime.go:500  [n3] runtime stats: 262 MiB RSS, 154 goroutines, 131 MiB/56 MiB/202 MiB GO alloc/idle/total, 39 MiB/45 MiB CGO alloc/total, 32.7 CGO/sec, 1.0/1.7 %(u/s)time, 0.0 %gc (0x), 90 KiB/51 KiB (r/w)net
I190909 18:20:48.679049 141 server/status/runtime.go:500  [n3] runtime stats: 263 MiB RSS, 155 goroutines, 139 MiB/48 MiB/202 MiB GO alloc/idle/total, 38 MiB/45 MiB CGO alloc/total, 27.2 CGO/sec, 1.6/1.3 %(u/s)time, 0.0 %gc (0x), 83 KiB/45 KiB (r/w)net
I190909 18:20:57.340050 137 gossip/gossip.go:557  [n3] gossip status (ok, 3 nodes)
gossip client (0/3 cur/max conns)
gossip server (2/3 cur/max conns, infos 5024/7332 sent/received, bytes 836079B/1035208B sent/received)
  2: roach2:26257 (28m25s)
  1: roach1:26257 (28m25s)
I190909 18:20:58.681028 141 server/status/runtime.go:500  [n3] runtime stats: 262 MiB RSS, 155 goroutines, 147 MiB/6.2 MiB/168 MiB GO alloc/idle/total, 38 MiB/45 MiB CGO alloc/total, 30.0 CGO/sec, 1.0/2.1 %(u/s)time, 0.0 %gc (0x), 88 KiB/51 KiB (r/w)net
I190909 18:21:08.684855 141 server/status/runtime.go:500  [n3] runtime stats: 263 MiB RSS, 155 goroutines, 79 MiB/103 MiB/202 MiB GO alloc/idle/total, 38 MiB/45 MiB CGO alloc/total, 25.9 CGO/sec, 1.6/1.9 %(u/s)time, 0.0 %gc (1x), 84 KiB/45 KiB (r/w)net
I190909 18:21:18.653926 141 server/status/runtime.go:500  [n3] runtime stats: 264 MiB RSS, 154 goroutines, 88 MiB/96 MiB/202 MiB GO alloc/idle/total, 38 MiB/45 MiB CGO alloc/total, 26.8 CGO/sec, 1.3/1.5 %(u/s)time, 0.0 %gc (0x), 87 KiB/47 KiB (r/w)net
I190909 18:21:28.656062 141 server/status/runtime.go:500  [n3] runtime stats: 265 MiB RSS, 154 goroutines, 96 MiB/88 MiB/202 MiB GO alloc/idle/total, 38 MiB/45 MiB CGO alloc/total, 30.3 CGO/sec, 1.0/1.6 %(u/s)time, 0.0 %gc (0x), 84 KiB/49 KiB (r/w)net
I190909 18:21:38.673982 141 server/status/runtime.go:500  [n3] runtime stats: 266 MiB RSS, 154 goroutines, 104 MiB/81 MiB/202 MiB GO alloc/idle/total, 38 MiB/45 MiB CGO alloc/total, 27.9 CGO/sec, 1.4/1.3 %(u/s)time, 0.0 %gc (0x), 85 KiB/47 KiB (r/w)net
I190909 18:21:48.639111 141 server/status/runtime.go:500  [n3] runtime stats: 266 MiB RSS, 155 goroutines, 111 MiB/74 MiB/202 MiB GO alloc/idle/total, 38 MiB/45 MiB CGO alloc/total, 24.2 CGO/sec, 2.1/1.7 %(u/s)time, 0.0 %gc (0x), 84 KiB/45 KiB (r/w)net
I190909 18:21:57.269123 137 gossip/gossip.go:557  [n3] gossip status (ok, 3 nodes)
gossip client (0/3 cur/max conns)
gossip server (2/3 cur/max conns, infos 5329/7685 sent/received, bytes 886519B/1085619B sent/received)
  2: roach2:26257 (29m25s)
  1: roach1:26257 (29m25s)
I190909 18:21:58.641771 141 server/status/runtime.go:500  [n3] runtime stats: 267 MiB RSS, 155 goroutines, 120 MiB/67 MiB/202 MiB GO alloc/idle/total, 38 MiB/45 MiB CGO alloc/total, 31.2 CGO/sec, 1.2/1.4 %(u/s)time, 0.0 %gc (0x), 88 KiB/52 KiB (r/w)net
