I190909 17:41:42.572017 1 util/log/clog.go:1199  [config] file created at: 2019/09/09 17:41:42
I190909 17:41:42.572017 1 util/log/clog.go:1199  [config] running on machine: roach2
I190909 17:41:42.572017 1 util/log/clog.go:1199  [config] binary: CockroachDB CCL v19.1.4 (x86_64-unknown-linux-gnu, built 2019/08/06 15:34:13, go1.11.6)
I190909 17:41:42.572017 1 util/log/clog.go:1199  [config] arguments: [/cockroach/cockroach start --insecure --join=roach1]
I190909 17:41:42.572017 1 util/log/clog.go:1199  line format: [IWEF]yymmdd hh:mm:ss.uuuuuu goid file:line msg utf8=✓
I190909 17:41:42.572016 1 cli/start.go:1033  logging to directory /cockroach/cockroach-data/logs
W190909 17:41:42.576475 1 cli/start.go:1068  RUNNING IN INSECURE MODE!

- Your cluster is open for any client that can access <all your IP addresses>.
- Any user, even root, can log in without providing a password.
- Any user, connecting as root, can read or write any data in your cluster.
- There is no network encryption nor authentication, and thus no confidentiality.

Check out how to secure your cluster: https://www.cockroachlabs.com/docs/v19.1/secure-a-cluster.html
I190909 17:41:42.576762 1 server/status/recorder.go:610  available memory from cgroups (8.0 EiB) exceeds system memory 2.0 GiB, using system memory
W190909 17:41:42.576877 1 cli/start.go:944  Using the default setting for --cache (128 MiB).
  A significantly larger value is usually needed for good performance.
  If you have a dedicated server a reasonable setting is --cache=.25 (500 MiB).
I190909 17:41:42.576946 1 server/status/recorder.go:610  available memory from cgroups (8.0 EiB) exceeds system memory 2.0 GiB, using system memory
W190909 17:41:42.577002 1 cli/start.go:957  Using the default setting for --max-sql-memory (128 MiB).
  A significantly larger value is usually needed in production.
  If you have a dedicated server a reasonable setting is --max-sql-memory=.25 (500 MiB).
I190909 17:41:42.577091 1 server/status/recorder.go:610  available memory from cgroups (8.0 EiB) exceeds system memory 2.0 GiB, using system memory
I190909 17:41:42.577144 1 cli/start.go:1082  CockroachDB CCL v19.1.4 (x86_64-unknown-linux-gnu, built 2019/08/06 15:34:13, go1.11.6)
I190909 17:41:42.690650 1 server/status/recorder.go:610  available memory from cgroups (8.0 EiB) exceeds system memory 2.0 GiB, using system memory
I190909 17:41:42.690665 1 server/config.go:386  system total memory: 2.0 GiB
I190909 17:41:42.690698 1 server/config.go:388  server configuration:
max offset             500000000
cache size             128 MiB
SQL memory pool size   128 MiB
scan interval          10m0s
scan min idle time     10ms
scan max idle time     1s
event log enabled      true
I190909 17:41:42.690710 1 cli/start.go:922  using local environment variables: COCKROACH_CHANNEL=official-docker
I190909 17:41:42.690719 1 cli/start.go:929  process identity: uid 0 euid 0 gid 0 egid 0
I190909 17:41:42.690725 1 cli/start.go:554  starting cockroach node
I190909 17:41:42.694946 14 storage/engine/rocksdb.go:613  opening rocksdb instance at "/cockroach/cockroach-data/cockroach-temp550291605"
I190909 17:41:42.812503 14 server/server.go:879  [n?] monitoring forward clock jumps based on server.clock.forward_jump_check_enabled
I190909 17:41:42.817366 14 storage/engine/rocksdb.go:613  opening rocksdb instance at "/cockroach/cockroach-data"
I190909 17:41:42.902042 14 server/config.go:494  [n?] 1 storage engine initialized
I190909 17:41:42.902052 14 server/config.go:497  [n?] RocksDB cache size: 128 MiB
I190909 17:41:42.902059 14 server/config.go:497  [n?] store 0: RocksDB, max size 0 B, max open file limit 1043576
W190909 17:41:42.910511 14 gossip/gossip.go:1496  [n?] no incoming or outgoing connections
I190909 17:41:42.910626 14 server/server.go:1470  [n?] no stores bootstrapped and --join flag specified, awaiting init command or join with an already initialized node.
I190909 17:41:42.923595 80 gossip/client.go:128  [n?] started gossip client to roach1:26257
I190909 17:41:42.925915 14 server/node.go:699  [n?] connecting to gossip network to verify cluster ID...
W190909 17:41:42.926051 79 cli/start.go:896  neither --listen-addr nor --advertise-addr was specified.
The server will advertise "roach2" to other nodes, is this routable?

Consider using:
- for local-only servers:  --listen-addr=localhost
- for multi-node clusters: --advertise-addr=<host/IP addr>
I190909 17:41:42.926302 14 server/node.go:719  [n?] node connected via gossip and verified as part of cluster "41945e40-a82f-46f1-987b-3adc8b371b6b"
I190909 17:41:42.932356 14 server/node.go:412  [n?] new node allocated ID 2
I190909 17:41:42.932489 14 gossip/gossip.go:392  [n2] NodeDescriptor set to node_id:2 address:<network_field:"tcp" address_field:"roach2:26257" > attrs:<> locality:<> ServerVersion:<major_val:19 minor_val:1 patch:0 unstable:0 > build_tag:"v19.1.4" started_at:1568050902932361032 
I190909 17:41:42.932596 14 storage/stores.go:244  [n2] read 0 node addresses from persistent storage
I190909 17:41:42.932768 14 storage/stores.go:263  [n2] wrote 1 node addresses to persistent storage
I190909 17:41:43.171079 14 server/node.go:677  [n2] bootstrapped store [n2,s2]
I190909 17:41:43.218035 14 server/node.go:542  [n2] node=2: started with [<no-attributes>=/cockroach/cockroach-data] engine(s) and attributes []
I190909 17:41:43.219629 14 server/status/recorder.go:610  [n2] available memory from cgroups (8.0 EiB) exceeds system memory 2.0 GiB, using system memory
I190909 17:41:43.221022 14 server/server.go:1592  [n2] starting http server at [::]:8080 (use: roach2:8080)
I190909 17:41:43.221032 14 server/server.go:1594  [n2] starting grpc/postgres server at [::]:26257
I190909 17:41:43.221040 14 server/server.go:1595  [n2] advertising CockroachDB node at roach2:26257
W190909 17:41:43.221062 14 jobs/registry.go:341  [n2] unable to get node liveness: node not in the liveness table
I190909 17:41:43.258048 14 server/server.go:1660  [n2] done ensuring all necessary migrations have run
I190909 17:41:43.258059 14 server/server.go:1663  [n2] serving sql connections
I190909 17:41:43.258140 14 cli/start.go:689  [config] clusterID: 41945e40-a82f-46f1-987b-3adc8b371b6b
I190909 17:41:43.258154 14 cli/start.go:697  node startup completed:
CockroachDB node starting at 2019-09-09 17:41:43.258094838 +0000 UTC (took 0.7s)
build:               CCL v19.1.4 @ 2019/08/06 15:34:13 (go1.11.6)
webui:               http://roach2:8080
sql:                 postgresql://root@roach2:26257?sslmode=disable
client flags:        /cockroach/cockroach <client cmd> --host=roach2:26257 --insecure
logs:                /cockroach/cockroach-data/logs
temp dir:            /cockroach/cockroach-data/cockroach-temp550291605
external I/O path:   /cockroach/cockroach-data/extern
store[0]:            path=/cockroach/cockroach-data
status:              initialized new node, joined pre-existing cluster
clusterID:           41945e40-a82f-46f1-987b-3adc8b371b6b
nodeID:              2
I190909 17:41:43.281582 168 server/server_update.go:67  [n2] no need to upgrade, cluster already at the newest version
I190909 17:41:43.285792 171 sql/event_log.go:135  [n2] Event: "node_join", target: 2, info: {Descriptor:{NodeID:2 Address:roach2:26257 Attrs: Locality: ServerVersion:19.1 BuildTag:v19.1.4 StartedAt:1568050902932361032 LocalityAddress:[] XXX_NoUnkeyedLiteral:{} XXX_sizecache:0} ClusterID:41945e40-a82f-46f1-987b-3adc8b371b6b StartedAt:1568050902932361032 LastUp:1568050902932361032}
I190909 17:41:43.883068 34 storage/stores.go:263  [n2] wrote 2 node addresses to persistent storage
I190909 17:41:44.194253 221 storage/replica_raftstorage.go:814  [n2,s2,r6/?:{-}] applying preemptive snapshot at index 36 (id=6d87f18c, encoded size=9338, 1 rocksdb batches, 0 log entries)
I190909 17:41:44.195078 221 storage/replica_raftstorage.go:820  [n2,s2,r6/?:/Table/{SystemCon…-11}] applied preemptive snapshot in 1ms [clear=0ms batch=0ms entries=0ms commit=1ms]
I190909 17:41:44.329716 231 storage/replica_raftstorage.go:814  [n2,s2,r4/?:{-}] applying preemptive snapshot at index 21 (id=08aa8fd0, encoded size=181746, 1 rocksdb batches, 0 log entries)
I190909 17:41:44.333097 231 storage/replica_raftstorage.go:820  [n2,s2,r4/?:/System{/tsd-tse}] applied preemptive snapshot in 3ms [clear=0ms batch=1ms entries=0ms commit=2ms]
I190909 17:41:44.344448 245 storage/replica_raftstorage.go:814  [n2,s2,r3/?:{-}] applying preemptive snapshot at index 39 (id=360d8604, encoded size=72825, 1 rocksdb batches, 0 log entries)
I190909 17:41:44.345441 245 storage/replica_raftstorage.go:820  [n2,s2,r3/?:/System/{NodeLive…-tsd}] applied preemptive snapshot in 1ms [clear=0ms batch=0ms entries=0ms commit=1ms]
I190909 17:41:44.394881 246 storage/replica_raftstorage.go:814  [n2,s2,r8/?:{-}] applying preemptive snapshot at index 29 (id=04f7b677, encoded size=4374, 1 rocksdb batches, 0 log entries)
I190909 17:41:44.395662 246 storage/replica_raftstorage.go:820  [n2,s2,r8/?:/Table/1{2-3}] applied preemptive snapshot in 1ms [clear=0ms batch=0ms entries=0ms commit=1ms]
I190909 17:41:44.419124 234 storage/replica_raftstorage.go:814  [n2,s2,r5/?:{-}] applying preemptive snapshot at index 16 (id=06bf4098, encoded size=365, 1 rocksdb batches, 0 log entries)
I190909 17:41:44.419834 234 storage/replica_raftstorage.go:820  [n2,s2,r5/?:/{Systemtse-Table/System…}] applied preemptive snapshot in 1ms [clear=0ms batch=0ms entries=0ms commit=1ms]
I190909 17:41:44.443537 236 storage/replica_raftstorage.go:814  [n2,s2,r7/?:{-}] applying preemptive snapshot at index 15 (id=0aaff051, encoded size=275, 1 rocksdb batches, 0 log entries)
I190909 17:41:44.444146 236 storage/replica_raftstorage.go:820  [n2,s2,r7/?:/Table/1{1-2}] applied preemptive snapshot in 1ms [clear=0ms batch=0ms entries=0ms commit=0ms]
I190909 17:41:44.468437 238 storage/replica_raftstorage.go:814  [n2,s2,r19/?:{-}] applying preemptive snapshot at index 14 (id=10b13682, encoded size=387, 1 rocksdb batches, 0 log entries)
I190909 17:41:44.469133 238 storage/replica_raftstorage.go:820  [n2,s2,r19/?:/Table/2{3-4}] applied preemptive snapshot in 1ms [clear=0ms batch=0ms entries=0ms commit=1ms]
I190909 17:41:44.547709 248 storage/replica_raftstorage.go:814  [n2,s2,r9/?:{-}] applying preemptive snapshot at index 40 (id=72ae2f1e, encoded size=8888, 1 rocksdb batches, 0 log entries)
I190909 17:41:44.548479 248 storage/replica_raftstorage.go:820  [n2,s2,r9/?:/Table/1{3-4}] applied preemptive snapshot in 1ms [clear=0ms batch=0ms entries=0ms commit=1ms]
I190909 17:41:44.729072 77 gossip/gossip.go:1510  [n2] node has connected to cluster via gossip
I190909 17:41:44.729336 77 storage/stores.go:263  [n2] wrote 2 node addresses to persistent storage
I190909 17:41:47.082895 259 storage/replica_raftstorage.go:814  [n2,s2,r10/?:{-}] applying preemptive snapshot at index 13 (id=915faf6c, encoded size=226, 1 rocksdb batches, 0 log entries)
I190909 17:41:47.083625 259 storage/replica_raftstorage.go:820  [n2,s2,r10/?:/Table/1{4-5}] applied preemptive snapshot in 1ms [clear=0ms batch=0ms entries=0ms commit=1ms]
I190909 17:41:48.084085 262 storage/replica_raftstorage.go:814  [n2,s2,r17/?:{-}] applying preemptive snapshot at index 13 (id=26aed8eb, encoded size=226, 1 rocksdb batches, 0 log entries)
I190909 17:41:48.085028 262 storage/replica_raftstorage.go:820  [n2,s2,r17/?:/Table/2{1-2}] applied preemptive snapshot in 1ms [clear=0ms batch=0ms entries=0ms commit=1ms]
I190909 17:41:50.085006 267 storage/replica_raftstorage.go:814  [n2,s2,r1/?:{-}] applying preemptive snapshot at index 54 (id=8d4a4e3e, encoded size=2225, 1 rocksdb batches, 0 log entries)
I190909 17:41:50.086530 267 storage/replica_raftstorage.go:820  [n2,s2,r1/?:/{Min-System/NodeL…}] applied preemptive snapshot in 1ms [clear=0ms batch=0ms entries=0ms commit=1ms]
I190909 17:41:51.089053 270 storage/replica_raftstorage.go:814  [n2,s2,r2/?:{-}] applying preemptive snapshot at index 20 (id=b7bdab61, encoded size=592, 1 rocksdb batches, 0 log entries)
I190909 17:41:51.090730 270 storage/replica_raftstorage.go:820  [n2,s2,r2/?:/System/NodeLiveness{-Max}] applied preemptive snapshot in 2ms [clear=0ms batch=0ms entries=0ms commit=1ms]
I190909 17:41:52.089102 278 storage/replica_raftstorage.go:814  [n2,s2,r14/?:{-}] applying preemptive snapshot at index 13 (id=74f48f93, encoded size=226, 1 rocksdb batches, 0 log entries)
I190909 17:41:52.089714 278 storage/replica_raftstorage.go:820  [n2,s2,r14/?:/Table/1{8-9}] applied preemptive snapshot in 1ms [clear=0ms batch=0ms entries=0ms commit=0ms]
I190909 17:41:53.225346 108 server/status/runtime.go:500  [n2] runtime stats: 166 MiB RSS, 158 goroutines, 0 B/0 B/0 B GO alloc/idle/total, 14 MiB/18 MiB CGO alloc/total, 0.0 CGO/sec, 0.0/0.0 %(u/s)time, 0.0 %gc (9x), 199 KiB/88 KiB (r/w)net
I190909 17:41:53.252170 103 storage/store.go:4216  [n2,s2] sstables (read amplification = 0):
I190909 17:41:53.252300 103 storage/store.go:4217  [n2,s2] 
** Compaction Stats [default] **
Level    Files   Size     Score Read(GB)  Rn(GB) Rnp1(GB) Write(GB) Wnew(GB) Moved(GB) W-Amp Rd(MB/s) Wr(MB/s) Comp(sec) Comp(cnt) Avg(sec) KeyIn KeyDrop
----------------------------------------------------------------------------------------------------------------------------------------------------------
 Sum      0/0    0.00 KB   0.0      0.0     0.0      0.0       0.0      0.0       0.0   0.0      0.0      0.0         0         0    0.000       0      0
 Int      0/0    0.00 KB   0.0      0.0     0.0      0.0       0.0      0.0       0.0   0.0      0.0      0.0         0         0    0.000       0      0
Uptime(secs): 10.4 total, 10.4 interval
Flush(GB): cumulative 0.000, interval 0.000
AddFile(GB): cumulative 0.000, interval 0.000
AddFile(Total Files): cumulative 0, interval 0
AddFile(L0 Files): cumulative 0, interval 0
AddFile(Keys): cumulative 0, interval 0
Cumulative compaction: 0.00 GB write, 0.00 MB/s write, 0.00 GB read, 0.00 MB/s read, 0.0 seconds
Interval compaction: 0.00 GB write, 0.00 MB/s write, 0.00 GB read, 0.00 MB/s read, 0.0 seconds
Stalls(count): 0 level0_slowdown, 0 level0_slowdown_with_compaction, 0 level0_numfiles, 0 level0_numfiles_with_compaction, 0 stop for pending_compaction_bytes, 0 slowdown for pending_compaction_bytes, 0 memtable_compaction, 0 memtable_slowdown, interval 0 total count
estimated_pending_compaction_bytes: 0 B
I190909 17:41:54.092919 294 storage/replica_raftstorage.go:814  [n2,s2,r16/?:{-}] applying preemptive snapshot at index 13 (id=55e13efc, encoded size=226, 1 rocksdb batches, 0 log entries)
I190909 17:41:54.093673 294 storage/replica_raftstorage.go:820  [n2,s2,r16/?:/Table/2{0-1}] applied preemptive snapshot in 1ms [clear=0ms batch=0ms entries=0ms commit=1ms]
I190909 17:41:55.116424 299 storage/replica_raftstorage.go:814  [n2,s2,r11/?:{-}] applying preemptive snapshot at index 17 (id=d524d6b4, encoded size=615, 1 rocksdb batches, 0 log entries)
I190909 17:41:55.118796 299 storage/replica_raftstorage.go:820  [n2,s2,r11/?:/Table/1{5-6}] applied preemptive snapshot in 2ms [clear=0ms batch=0ms entries=0ms commit=1ms]
I190909 17:41:56.104813 284 storage/replica_raftstorage.go:814  [n2,s2,r20/?:{-}] applying preemptive snapshot at index 13 (id=50055e46, encoded size=227, 1 rocksdb batches, 0 log entries)
I190909 17:41:56.106005 284 storage/replica_raftstorage.go:820  [n2,s2,r20/?:/{Table/24-Max}] applied preemptive snapshot in 1ms [clear=0ms batch=0ms entries=0ms commit=1ms]
I190909 17:41:58.201214 288 storage/replica_raftstorage.go:814  [n2,s2,r18/?:{-}] applying preemptive snapshot at index 13 (id=d705cec8, encoded size=226, 1 rocksdb batches, 0 log entries)
I190909 17:41:58.202708 288 storage/replica_raftstorage.go:820  [n2,s2,r18/?:/Table/2{2-3}] applied preemptive snapshot in 1ms [clear=0ms batch=0ms entries=0ms commit=1ms]
I190909 17:41:59.105325 309 storage/replica_raftstorage.go:814  [n2,s2,r15/?:{-}] applying preemptive snapshot at index 13 (id=815c7810, encoded size=226, 1 rocksdb batches, 0 log entries)
I190909 17:41:59.106774 309 storage/replica_raftstorage.go:820  [n2,s2,r15/?:/Table/{19-20}] applied preemptive snapshot in 1ms [clear=0ms batch=0ms entries=0ms commit=1ms]
I190909 17:42:01.110205 328 storage/replica_raftstorage.go:814  [n2,s2,r12/?:{-}] applying preemptive snapshot at index 13 (id=fb0b9330, encoded size=226, 1 rocksdb batches, 0 log entries)
I190909 17:42:01.112550 328 storage/replica_raftstorage.go:820  [n2,s2,r12/?:/Table/1{6-7}] applied preemptive snapshot in 2ms [clear=0ms batch=0ms entries=0ms commit=2ms]
I190909 17:42:02.131405 319 storage/replica_raftstorage.go:814  [n2,s2,r13/?:{-}] applying preemptive snapshot at index 17 (id=5dd88ebb, encoded size=615, 1 rocksdb batches, 0 log entries)
I190909 17:42:02.132098 319 storage/replica_raftstorage.go:820  [n2,s2,r13/?:/Table/1{7-8}] applied preemptive snapshot in 1ms [clear=0ms batch=0ms entries=0ms commit=1ms]
I190909 17:42:03.226527 108 server/status/runtime.go:500  [n2] runtime stats: 179 MiB RSS, 158 goroutines, 92 MiB/32 MiB/135 MiB GO alloc/idle/total, 15 MiB/19 MiB CGO alloc/total, 257.8 CGO/sec, 2.5/1.9 %(u/s)time, 0.0 %gc (0x), 149 KiB/79 KiB (r/w)net
I190909 17:42:13.227569 108 server/status/runtime.go:500  [n2] runtime stats: 188 MiB RSS, 158 goroutines, 110 MiB/14 MiB/135 MiB GO alloc/idle/total, 15 MiB/20 MiB CGO alloc/total, 25.4 CGO/sec, 0.6/1.1 %(u/s)time, 0.0 %gc (0x), 74 KiB/34 KiB (r/w)net
I190909 17:42:23.228807 108 server/status/runtime.go:500  [n2] runtime stats: 198 MiB RSS, 159 goroutines, 118 MiB/5.8 MiB/135 MiB GO alloc/idle/total, 15 MiB/20 MiB CGO alloc/total, 30.1 CGO/sec, 1.3/0.8 %(u/s)time, 0.0 %gc (0x), 80 KiB/37 KiB (r/w)net
I190909 17:42:33.231755 108 server/status/runtime.go:500  [n2] runtime stats: 204 MiB RSS, 159 goroutines, 82 MiB/101 MiB/201 MiB GO alloc/idle/total, 15 MiB/20 MiB CGO alloc/total, 28.9 CGO/sec, 1.1/0.9 %(u/s)time, 0.0 %gc (1x), 77 KiB/36 KiB (r/w)net
I190909 17:42:43.219873 104 gossip/gossip.go:557  [n2] gossip status (ok, 3 nodes)
gossip client (1/3 cur/max conns)
  1: roach1:26257 (1m0s: infos 79/273 sent/received, bytes 16336B/62192B sent/received)
gossip server (0/3 cur/max conns, infos 79/273 sent/received, bytes 16336B/62192B sent/received)
gossip connectivity
  n1 [sentinel];
  n2 -> n1; n3 -> n1;
I190909 17:42:43.237701 108 server/status/runtime.go:500  [n2] runtime stats: 205 MiB RSS, 159 goroutines, 90 MiB/94 MiB/201 MiB GO alloc/idle/total, 15 MiB/20 MiB CGO alloc/total, 26.7 CGO/sec, 2.1/1.3 %(u/s)time, 0.0 %gc (0x), 76 KiB/34 KiB (r/w)net
I190909 17:42:53.238766 108 server/status/runtime.go:500  [n2] runtime stats: 206 MiB RSS, 158 goroutines, 98 MiB/87 MiB/201 MiB GO alloc/idle/total, 16 MiB/20 MiB CGO alloc/total, 28.3 CGO/sec, 1.6/1.9 %(u/s)time, 0.0 %gc (0x), 77 KiB/36 KiB (r/w)net
I190909 17:43:03.239968 108 server/status/runtime.go:500  [n2] runtime stats: 207 MiB RSS, 155 goroutines, 106 MiB/80 MiB/201 MiB GO alloc/idle/total, 16 MiB/20 MiB CGO alloc/total, 28.5 CGO/sec, 0.9/1.0 %(u/s)time, 0.0 %gc (0x), 74 KiB/34 KiB (r/w)net
I190909 17:43:13.242025 108 server/status/runtime.go:500  [n2] runtime stats: 207 MiB RSS, 153 goroutines, 114 MiB/73 MiB/201 MiB GO alloc/idle/total, 16 MiB/20 MiB CGO alloc/total, 25.8 CGO/sec, 0.9/0.8 %(u/s)time, 0.0 %gc (0x), 75 KiB/34 KiB (r/w)net
I190909 17:43:23.243706 108 server/status/runtime.go:500  [n2] runtime stats: 208 MiB RSS, 154 goroutines, 122 MiB/65 MiB/201 MiB GO alloc/idle/total, 16 MiB/20 MiB CGO alloc/total, 30.5 CGO/sec, 1.1/1.1 %(u/s)time, 0.0 %gc (0x), 78 KiB/38 KiB (r/w)net
I190909 17:43:33.243808 108 server/status/runtime.go:500  [n2] runtime stats: 214 MiB RSS, 154 goroutines, 129 MiB/58 MiB/201 MiB GO alloc/idle/total, 16 MiB/20 MiB CGO alloc/total, 26.1 CGO/sec, 1.5/0.6 %(u/s)time, 0.0 %gc (0x), 74 KiB/33 KiB (r/w)net
I190909 17:43:43.218955 104 gossip/gossip.go:557  [n2] gossip status (ok, 3 nodes)
gossip client (1/3 cur/max conns)
  1: roach1:26257 (2m0s: infos 137/478 sent/received, bytes 25439B/88947B sent/received)
gossip server (0/3 cur/max conns, infos 137/478 sent/received, bytes 25439B/88947B sent/received)
I190909 17:43:43.244804 108 server/status/runtime.go:500  [n2] runtime stats: 222 MiB RSS, 154 goroutines, 137 MiB/50 MiB/201 MiB GO alloc/idle/total, 16 MiB/20 MiB CGO alloc/total, 27.7 CGO/sec, 1.0/0.6 %(u/s)time, 0.0 %gc (0x), 74 KiB/34 KiB (r/w)net
I190909 17:43:53.245720 108 server/status/runtime.go:500  [n2] runtime stats: 229 MiB RSS, 153 goroutines, 83 MiB/100 MiB/201 MiB GO alloc/idle/total, 16 MiB/20 MiB CGO alloc/total, 31.6 CGO/sec, 1.5/0.5 %(u/s)time, 0.0 %gc (1x), 79 KiB/38 KiB (r/w)net
I190909 17:44:03.250259 108 server/status/runtime.go:500  [n2] runtime stats: 230 MiB RSS, 153 goroutines, 91 MiB/93 MiB/201 MiB GO alloc/idle/total, 24 MiB/28 MiB CGO alloc/total, 26.4 CGO/sec, 0.8/1.3 %(u/s)time, 0.0 %gc (0x), 75 KiB/34 KiB (r/w)net
I190909 17:44:13.251324 108 server/status/runtime.go:500  [n2] runtime stats: 230 MiB RSS, 153 goroutines, 99 MiB/86 MiB/201 MiB GO alloc/idle/total, 24 MiB/28 MiB CGO alloc/total, 31.0 CGO/sec, 1.2/0.8 %(u/s)time, 0.0 %gc (0x), 77 KiB/35 KiB (r/w)net
I190909 17:44:23.252203 108 server/status/runtime.go:500  [n2] runtime stats: 231 MiB RSS, 154 goroutines, 107 MiB/79 MiB/201 MiB GO alloc/idle/total, 24 MiB/28 MiB CGO alloc/total, 28.7 CGO/sec, 0.8/1.0 %(u/s)time, 0.0 %gc (0x), 76 KiB/36 KiB (r/w)net
I190909 17:44:33.254099 108 server/status/runtime.go:500  [n2] runtime stats: 232 MiB RSS, 154 goroutines, 115 MiB/72 MiB/201 MiB GO alloc/idle/total, 24 MiB/28 MiB CGO alloc/total, 30.1 CGO/sec, 0.9/1.0 %(u/s)time, 0.0 %gc (0x), 76 KiB/34 KiB (r/w)net
I190909 17:44:43.219986 104 gossip/gossip.go:557  [n2] gossip status (ok, 3 nodes)
gossip client (1/3 cur/max conns)
  1: roach1:26257 (3m0s: infos 195/687 sent/received, bytes 34542B/116080B sent/received)
gossip server (0/3 cur/max conns, infos 195/687 sent/received, bytes 34542B/116080B sent/received)
I190909 17:44:43.255695 108 server/status/runtime.go:500  [n2] runtime stats: 233 MiB RSS, 154 goroutines, 122 MiB/64 MiB/201 MiB GO alloc/idle/total, 24 MiB/28 MiB CGO alloc/total, 23.3 CGO/sec, 0.5/1.1 %(u/s)time, 0.0 %gc (0x), 74 KiB/33 KiB (r/w)net
I190909 17:44:53.257165 108 server/status/runtime.go:500  [n2] runtime stats: 234 MiB RSS, 153 goroutines, 130 MiB/57 MiB/201 MiB GO alloc/idle/total, 24 MiB/28 MiB CGO alloc/total, 30.0 CGO/sec, 0.6/1.2 %(u/s)time, 0.0 %gc (0x), 78 KiB/37 KiB (r/w)net
I190909 17:45:03.258949 108 server/status/runtime.go:500  [n2] runtime stats: 234 MiB RSS, 153 goroutines, 138 MiB/49 MiB/201 MiB GO alloc/idle/total, 24 MiB/28 MiB CGO alloc/total, 28.9 CGO/sec, 1.0/0.6 %(u/s)time, 0.0 %gc (0x), 75 KiB/32 KiB (r/w)net
I190909 17:45:13.259845 108 server/status/runtime.go:500  [n2] runtime stats: 238 MiB RSS, 153 goroutines, 146 MiB/42 MiB/201 MiB GO alloc/idle/total, 24 MiB/28 MiB CGO alloc/total, 25.2 CGO/sec, 0.9/0.8 %(u/s)time, 0.0 %gc (0x), 73 KiB/33 KiB (r/w)net
I190909 17:45:23.261826 108 server/status/runtime.go:500  [n2] runtime stats: 245 MiB RSS, 154 goroutines, 83 MiB/100 MiB/201 MiB GO alloc/idle/total, 24 MiB/28 MiB CGO alloc/total, 28.6 CGO/sec, 0.8/0.9 %(u/s)time, 0.0 %gc (1x), 77 KiB/36 KiB (r/w)net
I190909 17:45:33.264187 108 server/status/runtime.go:500  [n2] runtime stats: 245 MiB RSS, 154 goroutines, 91 MiB/93 MiB/201 MiB GO alloc/idle/total, 24 MiB/28 MiB CGO alloc/total, 28.6 CGO/sec, 0.8/1.1 %(u/s)time, 0.0 %gc (0x), 76 KiB/35 KiB (r/w)net
I190909 17:45:43.218891 104 gossip/gossip.go:557  [n2] gossip status (ok, 3 nodes)
gossip client (1/3 cur/max conns)
  1: roach1:26257 (4m0s: infos 252/898 sent/received, bytes 43487B/143520B sent/received)
gossip server (0/3 cur/max conns, infos 252/898 sent/received, bytes 43487B/143520B sent/received)
I190909 17:45:43.266653 108 server/status/runtime.go:500  [n2] runtime stats: 246 MiB RSS, 153 goroutines, 99 MiB/86 MiB/201 MiB GO alloc/idle/total, 24 MiB/28 MiB CGO alloc/total, 28.9 CGO/sec, 1.0/0.6 %(u/s)time, 0.0 %gc (0x), 76 KiB/35 KiB (r/w)net
I190909 17:45:53.268380 108 server/status/runtime.go:500  [n2] runtime stats: 246 MiB RSS, 153 goroutines, 107 MiB/79 MiB/201 MiB GO alloc/idle/total, 24 MiB/28 MiB CGO alloc/total, 26.2 CGO/sec, 1.1/0.5 %(u/s)time, 0.0 %gc (0x), 76 KiB/36 KiB (r/w)net
I190909 17:46:03.269482 108 server/status/runtime.go:500  [n2] runtime stats: 247 MiB RSS, 153 goroutines, 115 MiB/72 MiB/201 MiB GO alloc/idle/total, 24 MiB/28 MiB CGO alloc/total, 27.9 CGO/sec, 0.6/1.1 %(u/s)time, 0.0 %gc (0x), 75 KiB/34 KiB (r/w)net
I190909 17:46:13.270711 108 server/status/runtime.go:500  [n2] runtime stats: 248 MiB RSS, 154 goroutines, 122 MiB/64 MiB/201 MiB GO alloc/idle/total, 32 MiB/36 MiB CGO alloc/total, 30.3 CGO/sec, 0.8/0.6 %(u/s)time, 0.0 %gc (0x), 76 KiB/36 KiB (r/w)net
I190909 17:46:23.272645 108 server/status/runtime.go:500  [n2] runtime stats: 248 MiB RSS, 154 goroutines, 130 MiB/57 MiB/201 MiB GO alloc/idle/total, 32 MiB/36 MiB CGO alloc/total, 25.5 CGO/sec, 0.8/0.9 %(u/s)time, 0.0 %gc (0x), 76 KiB/35 KiB (r/w)net
I190909 17:46:33.282656 108 server/status/runtime.go:500  [n2] runtime stats: 249 MiB RSS, 154 goroutines, 138 MiB/49 MiB/201 MiB GO alloc/idle/total, 32 MiB/36 MiB CGO alloc/total, 29.5 CGO/sec, 0.7/1.1 %(u/s)time, 0.0 %gc (0x), 76 KiB/43 KiB (r/w)net
I190909 17:46:43.218551 104 gossip/gossip.go:557  [n2] gossip status (ok, 3 nodes)
gossip client (1/3 cur/max conns)
  1: roach1:26257 (5m0s: infos 310/1103 sent/received, bytes 52591B/170277B sent/received)
gossip server (0/3 cur/max conns, infos 310/1103 sent/received, bytes 52591B/170277B sent/received)
I190909 17:46:43.288963 108 server/status/runtime.go:500  [n2] runtime stats: 249 MiB RSS, 153 goroutines, 146 MiB/42 MiB/201 MiB GO alloc/idle/total, 32 MiB/36 MiB CGO alloc/total, 26.2 CGO/sec, 2.9/1.0 %(u/s)time, 0.0 %gc (0x), 83 KiB/34 KiB (r/w)net
I190909 17:46:53.302373 108 server/status/runtime.go:500  [n2] runtime stats: 251 MiB RSS, 153 goroutines, 82 MiB/102 MiB/201 MiB GO alloc/idle/total, 32 MiB/36 MiB CGO alloc/total, 29.4 CGO/sec, 0.9/1.1 %(u/s)time, 0.0 %gc (1x), 79 KiB/37 KiB (r/w)net
I190909 17:47:03.308377 108 server/status/runtime.go:500  [n2] runtime stats: 251 MiB RSS, 153 goroutines, 89 MiB/95 MiB/201 MiB GO alloc/idle/total, 32 MiB/36 MiB CGO alloc/total, 29.9 CGO/sec, 1.1/0.6 %(u/s)time, 0.0 %gc (0x), 75 KiB/34 KiB (r/w)net
I190909 17:47:13.309343 108 server/status/runtime.go:500  [n2] runtime stats: 252 MiB RSS, 154 goroutines, 97 MiB/88 MiB/201 MiB GO alloc/idle/total, 32 MiB/36 MiB CGO alloc/total, 28.7 CGO/sec, 0.6/0.9 %(u/s)time, 0.0 %gc (0x), 75 KiB/34 KiB (r/w)net
I190909 17:47:23.313310 108 server/status/runtime.go:500  [n2] runtime stats: 252 MiB RSS, 154 goroutines, 105 MiB/81 MiB/201 MiB GO alloc/idle/total, 32 MiB/36 MiB CGO alloc/total, 24.9 CGO/sec, 1.3/0.6 %(u/s)time, 0.0 %gc (0x), 75 KiB/35 KiB (r/w)net
I190909 17:47:33.315302 108 server/status/runtime.go:500  [n2] runtime stats: 253 MiB RSS, 154 goroutines, 113 MiB/74 MiB/201 MiB GO alloc/idle/total, 32 MiB/36 MiB CGO alloc/total, 29.5 CGO/sec, 1.3/0.5 %(u/s)time, 0.0 %gc (0x), 75 KiB/34 KiB (r/w)net
I190909 17:47:43.223988 104 gossip/gossip.go:557  [n2] gossip status (ok, 3 nodes)
gossip client (1/3 cur/max conns)
  1: roach1:26257 (6m0s: infos 367/1313 sent/received, bytes 61546B/197541B sent/received)
gossip server (0/3 cur/max conns, infos 367/1313 sent/received, bytes 61546B/197541B sent/received)
I190909 17:47:43.316847 108 server/status/runtime.go:500  [n2] runtime stats: 254 MiB RSS, 153 goroutines, 121 MiB/66 MiB/201 MiB GO alloc/idle/total, 32 MiB/36 MiB CGO alloc/total, 27.7 CGO/sec, 0.7/1.2 %(u/s)time, 0.0 %gc (0x), 75 KiB/34 KiB (r/w)net
I190909 17:47:53.317825 108 server/status/runtime.go:500  [n2] runtime stats: 254 MiB RSS, 153 goroutines, 129 MiB/58 MiB/201 MiB GO alloc/idle/total, 32 MiB/36 MiB CGO alloc/total, 28.2 CGO/sec, 1.0/0.8 %(u/s)time, 0.0 %gc (0x), 78 KiB/35 KiB (r/w)net
I190909 17:48:03.318230 108 server/status/runtime.go:500  [n2] runtime stats: 255 MiB RSS, 153 goroutines, 136 MiB/51 MiB/201 MiB GO alloc/idle/total, 32 MiB/36 MiB CGO alloc/total, 27.4 CGO/sec, 0.9/0.9 %(u/s)time, 0.0 %gc (0x), 76 KiB/34 KiB (r/w)net
I190909 17:48:13.319781 108 server/status/runtime.go:500  [n2] runtime stats: 255 MiB RSS, 154 goroutines, 144 MiB/43 MiB/201 MiB GO alloc/idle/total, 32 MiB/36 MiB CGO alloc/total, 26.6 CGO/sec, 0.5/1.2 %(u/s)time, 0.0 %gc (0x), 74 KiB/34 KiB (r/w)net
I190909 17:48:23.321670 108 server/status/runtime.go:500  [n2] runtime stats: 256 MiB RSS, 154 goroutines, 78 MiB/104 MiB/201 MiB GO alloc/idle/total, 32 MiB/36 MiB CGO alloc/total, 30.4 CGO/sec, 1.9/1.2 %(u/s)time, 0.0 %gc (1x), 78 KiB/37 KiB (r/w)net
I190909 17:48:33.325792 108 server/status/runtime.go:500  [n2] runtime stats: 257 MiB RSS, 154 goroutines, 86 MiB/98 MiB/201 MiB GO alloc/idle/total, 40 MiB/44 MiB CGO alloc/total, 29.1 CGO/sec, 0.9/1.0 %(u/s)time, 0.0 %gc (0x), 76 KiB/43 KiB (r/w)net
I190909 17:48:43.219742 104 gossip/gossip.go:557  [n2] gossip status (ok, 3 nodes)
gossip client (1/3 cur/max conns)
  1: roach1:26257 (7m0s: infos 424/1524 sent/received, bytes 70492B/224982B sent/received)
gossip server (0/3 cur/max conns, infos 424/1524 sent/received, bytes 70492B/224982B sent/received)
I190909 17:48:43.327444 108 server/status/runtime.go:500  [n2] runtime stats: 257 MiB RSS, 153 goroutines, 94 MiB/90 MiB/201 MiB GO alloc/idle/total, 40 MiB/44 MiB CGO alloc/total, 27.0 CGO/sec, 1.1/0.6 %(u/s)time, 0.0 %gc (0x), 75 KiB/26 KiB (r/w)net
I190909 17:48:53.328491 108 server/status/runtime.go:500  [n2] runtime stats: 258 MiB RSS, 153 goroutines, 102 MiB/83 MiB/201 MiB GO alloc/idle/total, 40 MiB/44 MiB CGO alloc/total, 28.8 CGO/sec, 0.9/0.7 %(u/s)time, 0.0 %gc (0x), 77 KiB/36 KiB (r/w)net
I190909 17:49:03.329538 108 server/status/runtime.go:500  [n2] runtime stats: 259 MiB RSS, 153 goroutines, 110 MiB/76 MiB/201 MiB GO alloc/idle/total, 40 MiB/44 MiB CGO alloc/total, 32.2 CGO/sec, 2.7/2.4 %(u/s)time, 0.0 %gc (0x), 86 KiB/44 KiB (r/w)net
I190909 17:49:13.331469 108 server/status/runtime.go:500  [n2] runtime stats: 259 MiB RSS, 154 goroutines, 118 MiB/69 MiB/201 MiB GO alloc/idle/total, 40 MiB/44 MiB CGO alloc/total, 26.7 CGO/sec, 0.8/0.9 %(u/s)time, 0.0 %gc (0x), 66 KiB/26 KiB (r/w)net
I190909 17:49:23.334935 108 server/status/runtime.go:500  [n2] runtime stats: 260 MiB RSS, 154 goroutines, 126 MiB/61 MiB/201 MiB GO alloc/idle/total, 40 MiB/44 MiB CGO alloc/total, 29.6 CGO/sec, 0.8/0.9 %(u/s)time, 0.0 %gc (0x), 87 KiB/44 KiB (r/w)net
I190909 17:49:33.337197 108 server/status/runtime.go:500  [n2] runtime stats: 260 MiB RSS, 154 goroutines, 134 MiB/54 MiB/201 MiB GO alloc/idle/total, 39 MiB/44 MiB CGO alloc/total, 28.9 CGO/sec, 1.0/0.8 %(u/s)time, 0.0 %gc (0x), 75 KiB/34 KiB (r/w)net
I190909 17:49:43.218688 104 gossip/gossip.go:557  [n2] gossip status (ok, 3 nodes)
gossip client (1/3 cur/max conns)
  1: roach1:26257 (8m0s: infos 482/1729 sent/received, bytes 79596B/251689B sent/received)
gossip server (0/3 cur/max conns, infos 482/1729 sent/received, bytes 79596B/251689B sent/received)
I190909 17:49:43.339010 108 server/status/runtime.go:500  [n2] runtime stats: 261 MiB RSS, 153 goroutines, 141 MiB/46 MiB/201 MiB GO alloc/idle/total, 39 MiB/44 MiB CGO alloc/total, 27.5 CGO/sec, 0.8/0.8 %(u/s)time, 0.0 %gc (0x), 74 KiB/33 KiB (r/w)net
I190909 17:49:53.340557 108 server/status/runtime.go:500  [n2] runtime stats: 262 MiB RSS, 153 goroutines, 78 MiB/105 MiB/201 MiB GO alloc/idle/total, 39 MiB/44 MiB CGO alloc/total, 26.3 CGO/sec, 0.9/1.0 %(u/s)time, 0.0 %gc (1x), 77 KiB/36 KiB (r/w)net
I190909 17:50:03.341665 108 server/status/runtime.go:500  [n2] runtime stats: 262 MiB RSS, 153 goroutines, 86 MiB/98 MiB/201 MiB GO alloc/idle/total, 39 MiB/44 MiB CGO alloc/total, 29.3 CGO/sec, 1.0/0.9 %(u/s)time, 0.0 %gc (0x), 75 KiB/34 KiB (r/w)net
I190909 17:50:13.344447 108 server/status/runtime.go:500  [n2] runtime stats: 263 MiB RSS, 154 goroutines, 94 MiB/91 MiB/201 MiB GO alloc/idle/total, 39 MiB/44 MiB CGO alloc/total, 27.9 CGO/sec, 1.0/0.8 %(u/s)time, 0.0 %gc (0x), 75 KiB/34 KiB (r/w)net
I190909 17:50:23.346272 108 server/status/runtime.go:500  [n2] runtime stats: 264 MiB RSS, 154 goroutines, 102 MiB/84 MiB/201 MiB GO alloc/idle/total, 39 MiB/44 MiB CGO alloc/total, 29.9 CGO/sec, 1.3/1.0 %(u/s)time, 0.0 %gc (0x), 78 KiB/37 KiB (r/w)net
I190909 17:50:33.381951 108 server/status/runtime.go:500  [n2] runtime stats: 264 MiB RSS, 154 goroutines, 109 MiB/77 MiB/201 MiB GO alloc/idle/total, 39 MiB/44 MiB CGO alloc/total, 17.9 CGO/sec, 3.2/1.7 %(u/s)time, 0.0 %gc (0x), 57 KiB/25 KiB (r/w)net
I190909 17:50:43.220499 104 gossip/gossip.go:557  [n2] gossip status (ok, 3 nodes)
gossip client (1/3 cur/max conns)
  1: roach1:26257 (9m0s: infos 540/1939 sent/received, bytes 88700B/279003B sent/received)
gossip server (0/3 cur/max conns, infos 540/1939 sent/received, bytes 88700B/279003B sent/received)
I190909 17:50:43.383359 108 server/status/runtime.go:500  [n2] runtime stats: 265 MiB RSS, 153 goroutines, 117 MiB/69 MiB/201 MiB GO alloc/idle/total, 47 MiB/52 MiB CGO alloc/total, 36.7 CGO/sec, 2.1/0.8 %(u/s)time, 0.0 %gc (0x), 94 KiB/44 KiB (r/w)net
I190909 17:50:53.388938 108 server/status/runtime.go:500  [n2] runtime stats: 265 MiB RSS, 153 goroutines, 126 MiB/61 MiB/201 MiB GO alloc/idle/total, 47 MiB/52 MiB CGO alloc/total, 31.8 CGO/sec, 0.8/1.0 %(u/s)time, 0.0 %gc (0x), 78 KiB/36 KiB (r/w)net
I190909 17:51:03.392179 108 server/status/runtime.go:500  [n2] runtime stats: 266 MiB RSS, 153 goroutines, 133 MiB/54 MiB/201 MiB GO alloc/idle/total, 47 MiB/52 MiB CGO alloc/total, 24.5 CGO/sec, 0.7/1.0 %(u/s)time, 0.0 %gc (0x), 74 KiB/34 KiB (r/w)net
I190909 17:51:13.395718 108 server/status/runtime.go:500  [n2] runtime stats: 266 MiB RSS, 154 goroutines, 141 MiB/46 MiB/201 MiB GO alloc/idle/total, 47 MiB/52 MiB CGO alloc/total, 22.7 CGO/sec, 1.1/1.2 %(u/s)time, 0.0 %gc (0x), 65 KiB/24 KiB (r/w)net
I190909 17:51:23.398524 108 server/status/runtime.go:500  [n2] runtime stats: 267 MiB RSS, 154 goroutines, 149 MiB/38 MiB/201 MiB GO alloc/idle/total, 47 MiB/52 MiB CGO alloc/total, 32.2 CGO/sec, 0.9/1.1 %(u/s)time, 0.0 %gc (1x), 79 KiB/38 KiB (r/w)net
I190909 17:51:33.397472 108 server/status/runtime.go:500  [n2] runtime stats: 268 MiB RSS, 154 goroutines, 85 MiB/98 MiB/201 MiB GO alloc/idle/total, 47 MiB/52 MiB CGO alloc/total, 30.0 CGO/sec, 1.2/0.5 %(u/s)time, 0.0 %gc (0x), 86 KiB/45 KiB (r/w)net
I190909 17:51:43.223963 104 gossip/gossip.go:557  [n2] gossip status (ok, 3 nodes)
gossip client (1/3 cur/max conns)
  1: roach1:26257 (10m0s: infos 597/2150 sent/received, bytes 97646B/306394B sent/received)
gossip server (0/3 cur/max conns, infos 597/2150 sent/received, bytes 97646B/306394B sent/received)
I190909 17:51:43.406447 108 server/status/runtime.go:500  [n2] runtime stats: 268 MiB RSS, 153 goroutines, 93 MiB/91 MiB/201 MiB GO alloc/idle/total, 47 MiB/52 MiB CGO alloc/total, 30.0 CGO/sec, 0.9/0.9 %(u/s)time, 0.0 %gc (0x), 77 KiB/35 KiB (r/w)net
I190909 17:51:53.253855 103 storage/store.go:4216  [n2,s2] sstables (read amplification = 0):
I190909 17:51:53.255837 103 storage/store.go:4217  [n2,s2] 
** Compaction Stats [default] **
Level    Files   Size     Score Read(GB)  Rn(GB) Rnp1(GB) Write(GB) Wnew(GB) Moved(GB) W-Amp Rd(MB/s) Wr(MB/s) Comp(sec) Comp(cnt) Avg(sec) KeyIn KeyDrop
----------------------------------------------------------------------------------------------------------------------------------------------------------
 Sum      0/0    0.00 KB   0.0      0.0     0.0      0.0       0.0      0.0       0.0   0.0      0.0      0.0         0         0    0.000       0      0
 Int      0/0    0.00 KB   0.0      0.0     0.0      0.0       0.0      0.0       0.0   0.0      0.0      0.0         0         0    0.000       0      0
Uptime(secs): 610.4 total, 600.0 interval
Flush(GB): cumulative 0.000, interval 0.000
AddFile(GB): cumulative 0.000, interval 0.000
AddFile(Total Files): cumulative 0, interval 0
AddFile(L0 Files): cumulative 0, interval 0
AddFile(Keys): cumulative 0, interval 0
Cumulative compaction: 0.00 GB write, 0.00 MB/s write, 0.00 GB read, 0.00 MB/s read, 0.0 seconds
Interval compaction: 0.00 GB write, 0.00 MB/s write, 0.00 GB read, 0.00 MB/s read, 0.0 seconds
Stalls(count): 0 level0_slowdown, 0 level0_slowdown_with_compaction, 0 level0_numfiles, 0 level0_numfiles_with_compaction, 0 stop for pending_compaction_bytes, 0 slowdown for pending_compaction_bytes, 0 memtable_compaction, 0 memtable_slowdown, interval 0 total count
estimated_pending_compaction_bytes: 0 B
I190909 17:51:53.408865 108 server/status/runtime.go:500  [n2] runtime stats: 269 MiB RSS, 153 goroutines, 104 MiB/81 MiB/201 MiB GO alloc/idle/total, 47 MiB/52 MiB CGO alloc/total, 27.8 CGO/sec, 0.9/0.8 %(u/s)time, 0.0 %gc (0x), 76 KiB/36 KiB (r/w)net
I190909 17:52:03.417019 108 server/status/runtime.go:500  [n2] runtime stats: 269 MiB RSS, 153 goroutines, 114 MiB/72 MiB/201 MiB GO alloc/idle/total, 47 MiB/52 MiB CGO alloc/total, 29.2 CGO/sec, 1.1/0.4 %(u/s)time, 0.0 %gc (0x), 76 KiB/34 KiB (r/w)net
W190909 17:52:32.110704 137 storage/store_rebalancer.go:227  [n2,s2,store-rebalancer] StorePool missing descriptor for local store
W190909 17:52:32.115485 89 storage/closedts/provider/provider.go:156  [ct-closer] unable to move closed timestamp forward: not live
W190909 17:52:32.133122 77 gossip/gossip.go:1501  [n2] first range unavailable; trying remaining resolvers
I190909 17:52:32.156602 108 server/status/runtime.go:500  [n2] runtime stats: 270 MiB RSS, 159 goroutines, 117 MiB/69 MiB/201 MiB GO alloc/idle/total, 47 MiB/52 MiB CGO alloc/total, 6.2 CGO/sec, 0.3/0.3 %(u/s)time, 0.0 %gc (0x), 33 KiB/13 KiB (r/w)net
I190909 17:52:32.214338 855 gossip/client.go:128  [n2] started gossip client to roach3:26257
W190909 17:52:32.252203 114 util/hlc/hlc.go:317  remote wall time is too far ahead (969.492245ms) to be trustworthy - updating anyway
E190909 17:52:32.281528 130 storage/replica_gossip.go:265  [n2,s2,r1/2:/{Min-System/NodeL…}] failed to gossip cluster ID: info not fresh
W190909 17:52:32.352269 95 util/hlc/hlc.go:317  remote wall time is too far ahead (869.416945ms) to be trustworthy - updating anyway
W190909 17:52:32.357609 110 server/node.go:851  [n2,summaries] error recording status summaries: remote wall time is too far ahead (869.410045ms) to be trustworthy
W190909 17:52:32.358477 94 util/hlc/hlc.go:317  remote wall time is too far ahead (863.210045ms) to be trustworthy - updating anyway
I190909 17:52:34.569930 77 gossip/gossip.go:1510  [n2] node has connected to cluster via gossip
I190909 17:52:42.015657 104 gossip/gossip.go:557  [n2] gossip status (ok, 3 nodes)
gossip client (2/3 cur/max conns)
  1: roach1:26257 (10m59s: infos 650/2288 sent/received, bytes 106047B/325058B sent/received)
  3: roach3:26257 (10s: infos 33/37 sent/received, bytes 4710B/5710B sent/received)
gossip server (0/3 cur/max conns, infos 688/2325 sent/received, bytes 111432B/330851B sent/received)
gossip connectivity
  n1 [sentinel];
  n1 -> n3; n2 -> n1; n2 -> n3;
I190909 17:52:42.160300 108 server/status/runtime.go:500  [n2] runtime stats: 271 MiB RSS, 162 goroutines, 131 MiB/56 MiB/201 MiB GO alloc/idle/total, 47 MiB/53 MiB CGO alloc/total, 39.5 CGO/sec, 1.4/2.6 %(u/s)time, 0.0 %gc (0x), 128 KiB/74 KiB (r/w)net
W190909 17:52:44.846276 163 storage/node_liveness.go:523  [n2,hb] slow heartbeat took 1.2s
I190909 17:52:52.187529 108 server/status/runtime.go:500  [n2] runtime stats: 272 MiB RSS, 162 goroutines, 131 MiB/56 MiB/201 MiB GO alloc/idle/total, 47 MiB/53 MiB CGO alloc/total, 24.8 CGO/sec, 6.7/10.6 %(u/s)time, 0.0 %gc (0x), 64 KiB/26 KiB (r/w)net
I190909 17:53:02.154625 108 server/status/runtime.go:500  [n2] runtime stats: 273 MiB RSS, 161 goroutines, 135 MiB/52 MiB/201 MiB GO alloc/idle/total, 47 MiB/53 MiB CGO alloc/total, 34.2 CGO/sec, 3.5/3.4 %(u/s)time, 0.0 %gc (0x), 104 KiB/62 KiB (r/w)net
I190909 17:53:12.157337 108 server/status/runtime.go:500  [n2] runtime stats: 276 MiB RSS, 161 goroutines, 80 MiB/102 MiB/202 MiB GO alloc/idle/total, 55 MiB/61 MiB CGO alloc/total, 27.5 CGO/sec, 1.6/1.6 %(u/s)time, 0.0 %gc (1x), 87 KiB/47 KiB (r/w)net
I190909 17:53:22.648427 108 server/status/runtime.go:500  [n2] runtime stats: 276 MiB RSS, 161 goroutines, 80 MiB/102 MiB/202 MiB GO alloc/idle/total, 55 MiB/61 MiB CGO alloc/total, 21.0 CGO/sec, 0.6/1.4 %(u/s)time, 0.0 %gc (0x), 64 KiB/26 KiB (r/w)net
W190909 18:07:46.870872 137 storage/store_rebalancer.go:227  [n2,s2,store-rebalancer] StorePool missing descriptor for local store
I190909 18:07:48.018826 108 server/status/runtime.go:500  [n2] runtime stats: 277 MiB RSS, 162 goroutines, 85 MiB/98 MiB/202 MiB GO alloc/idle/total, 55 MiB/61 MiB CGO alloc/total, 0.4 CGO/sec, 0.0/0.0 %(u/s)time, 0.0 %gc (0x), 108 KiB/66 KiB (r/w)net
I190909 18:07:57.349155 104 gossip/gossip.go:557  [n2] gossip status (ok, 3 nodes)
gossip client (2/3 cur/max conns)
  1: roach1:26257 (26m14s: infos 781/2491 sent/received, bytes 126296B/354284B sent/received)
  3: roach3:26257 (15m25s: infos 195/212 sent/received, bytes 28222B/33013B sent/received)
gossip server (0/3 cur/max conns, infos 981/2703 sent/received, bytes 155193B/387380B sent/received)
I190909 18:07:58.019799 108 server/status/runtime.go:500  [n2] runtime stats: 278 MiB RSS, 162 goroutines, 97 MiB/88 MiB/202 MiB GO alloc/idle/total, 55 MiB/61 MiB CGO alloc/total, 29.1 CGO/sec, 0.4/2.2 %(u/s)time, 0.0 %gc (0x), 88 KiB/50 KiB (r/w)net
I190909 18:07:58.291022 923 storage/queue.go:908  [n2,replicate] purgatory is now empty
I190909 18:08:08.021778 108 server/status/runtime.go:500  [n2] runtime stats: 279 MiB RSS, 162 goroutines, 105 MiB/80 MiB/202 MiB GO alloc/idle/total, 55 MiB/61 MiB CGO alloc/total, 32.2 CGO/sec, 1.5/1.0 %(u/s)time, 0.0 %gc (0x), 87 KiB/46 KiB (r/w)net
I190909 18:08:17.991984 108 server/status/runtime.go:500  [n2] runtime stats: 279 MiB RSS, 161 goroutines, 113 MiB/73 MiB/202 MiB GO alloc/idle/total, 55 MiB/61 MiB CGO alloc/total, 25.8 CGO/sec, 0.8/2.0 %(u/s)time, 0.0 %gc (0x), 83 KiB/44 KiB (r/w)net
I190909 18:08:27.993444 108 server/status/runtime.go:500  [n2] runtime stats: 280 MiB RSS, 161 goroutines, 121 MiB/65 MiB/202 MiB GO alloc/idle/total, 55 MiB/61 MiB CGO alloc/total, 28.0 CGO/sec, 0.9/2.4 %(u/s)time, 0.0 %gc (0x), 88 KiB/48 KiB (r/w)net
I190909 18:08:37.995232 108 server/status/runtime.go:500  [n2] runtime stats: 280 MiB RSS, 161 goroutines, 129 MiB/25 MiB/169 MiB GO alloc/idle/total, 55 MiB/61 MiB CGO alloc/total, 30.5 CGO/sec, 0.9/1.7 %(u/s)time, 0.0 %gc (0x), 87 KiB/47 KiB (r/w)net
I190909 18:08:47.973637 108 server/status/runtime.go:500  [n2] runtime stats: 281 MiB RSS, 157 goroutines, 145 MiB/9.7 MiB/169 MiB GO alloc/idle/total, 55 MiB/61 MiB CGO alloc/total, 29.2 CGO/sec, 0.9/2.1 %(u/s)time, 0.0 %gc (0x), 86 KiB/46 KiB (r/w)net
I190909 18:08:57.282622 104 gossip/gossip.go:557  [n2] gossip status (ok, 3 nodes)
gossip client (2/3 cur/max conns)
  1: roach1:26257 (27m14s: infos 911/2697 sent/received, bytes 146668B/384683B sent/received)
  3: roach3:26257 (16m25s: infos 371/401 sent/received, bytes 53277B/62176B sent/received)
gossip server (0/3 cur/max conns, infos 1287/3098 sent/received, bytes 200620B/446942B sent/received)
I190909 18:08:57.978017 108 server/status/runtime.go:500  [n2] runtime stats: 282 MiB RSS, 157 goroutines, 78 MiB/72 MiB/169 MiB GO alloc/idle/total, 55 MiB/61 MiB CGO alloc/total, 29.3 CGO/sec, 1.0/2.3 %(u/s)time, 0.0 %gc (1x), 88 KiB/48 KiB (r/w)net
I190909 18:09:07.979122 108 server/status/runtime.go:500  [n2] runtime stats: 282 MiB RSS, 157 goroutines, 86 MiB/65 MiB/169 MiB GO alloc/idle/total, 55 MiB/61 MiB CGO alloc/total, 23.4 CGO/sec, 0.6/1.9 %(u/s)time, 0.0 %gc (0x), 84 KiB/44 KiB (r/w)net
I190909 18:09:17.952220 108 server/status/runtime.go:500  [n2] runtime stats: 283 MiB RSS, 156 goroutines, 94 MiB/58 MiB/169 MiB GO alloc/idle/total, 55 MiB/61 MiB CGO alloc/total, 30.9 CGO/sec, 0.8/2.0 %(u/s)time, 0.0 %gc (0x), 86 KiB/46 KiB (r/w)net
I190909 18:09:27.954741 108 server/status/runtime.go:500  [n2] runtime stats: 284 MiB RSS, 156 goroutines, 102 MiB/50 MiB/169 MiB GO alloc/idle/total, 55 MiB/61 MiB CGO alloc/total, 26.2 CGO/sec, 0.6/2.0 %(u/s)time, 0.0 %gc (0x), 88 KiB/48 KiB (r/w)net
I190909 18:09:37.956294 108 server/status/runtime.go:500  [n2] runtime stats: 284 MiB RSS, 156 goroutines, 110 MiB/43 MiB/169 MiB GO alloc/idle/total, 55 MiB/61 MiB CGO alloc/total, 30.0 CGO/sec, 1.1/2.0 %(u/s)time, 0.0 %gc (0x), 86 KiB/45 KiB (r/w)net
W190909 18:09:45.091272 117 storage/engine/rocksdb.go:2040  batch [1/180/0] commit took 538.3377ms (>= warning threshold 500ms)
I190909 18:09:47.916835 108 server/status/runtime.go:500  [n2] runtime stats: 284 MiB RSS, 157 goroutines, 118 MiB/36 MiB/169 MiB GO alloc/idle/total, 63 MiB/69 MiB CGO alloc/total, 30.2 CGO/sec, 3.4/4.4 %(u/s)time, 0.0 %gc (0x), 84 KiB/46 KiB (r/w)net
I190909 18:09:57.214176 104 gossip/gossip.go:557  [n2] gossip status (ok, 3 nodes)
gossip client (2/3 cur/max conns)
  1: roach1:26257 (28m14s: infos 1034/2900 sent/received, bytes 165971B/414254B sent/received)
  3: roach3:26257 (17m25s: infos 555/574 sent/received, bytes 79928B/89739B sent/received)
gossip server (0/3 cur/max conns, infos 1594/3474 sent/received, bytes 246574B/504076B sent/received)
I190909 18:09:57.918316 108 server/status/runtime.go:500  [n2] runtime stats: 286 MiB RSS, 157 goroutines, 127 MiB/28 MiB/169 MiB GO alloc/idle/total, 63 MiB/69 MiB CGO alloc/total, 28.6 CGO/sec, 0.9/2.1 %(u/s)time, 0.0 %gc (0x), 88 KiB/50 KiB (r/w)net
I190909 18:10:07.921225 108 server/status/runtime.go:500  [n2] runtime stats: 286 MiB RSS, 157 goroutines, 135 MiB/20 MiB/169 MiB GO alloc/idle/total, 63 MiB/69 MiB CGO alloc/total, 28.6 CGO/sec, 1.3/1.5 %(u/s)time, 0.0 %gc (0x), 86 KiB/45 KiB (r/w)net
I190909 18:10:17.888365 108 server/status/runtime.go:500  [n2] runtime stats: 286 MiB RSS, 156 goroutines, 143 MiB/12 MiB/169 MiB GO alloc/idle/total, 63 MiB/69 MiB CGO alloc/total, 26.4 CGO/sec, 1.0/1.7 %(u/s)time, 0.0 %gc (0x), 86 KiB/46 KiB (r/w)net
I190909 18:10:27.890251 108 server/status/runtime.go:500  [n2] runtime stats: 287 MiB RSS, 156 goroutines, 143 MiB/12 MiB/169 MiB GO alloc/idle/total, 63 MiB/69 MiB CGO alloc/total, 27.8 CGO/sec, 1.4/2.4 %(u/s)time, 0.0 %gc (1x), 85 KiB/46 KiB (r/w)net
I190909 18:10:37.891429 108 server/status/runtime.go:500  [n2] runtime stats: 288 MiB RSS, 156 goroutines, 80 MiB/70 MiB/169 MiB GO alloc/idle/total, 63 MiB/69 MiB CGO alloc/total, 30.2 CGO/sec, 0.9/1.7 %(u/s)time, 0.0 %gc (0x), 86 KiB/46 KiB (r/w)net
I190909 18:10:47.859149 108 server/status/runtime.go:500  [n2] runtime stats: 288 MiB RSS, 157 goroutines, 96 MiB/56 MiB/169 MiB GO alloc/idle/total, 63 MiB/69 MiB CGO alloc/total, 30.2 CGO/sec, 0.7/2.0 %(u/s)time, 0.0 %gc (0x), 86 KiB/45 KiB (r/w)net
I190909 18:10:57.144660 104 gossip/gossip.go:557  [n2] gossip status (ok, 3 nodes)
gossip client (2/3 cur/max conns)
  1: roach1:26257 (29m14s: infos 1168/3099 sent/received, bytes 186345B/443632B sent/received)
  3: roach3:26257 (18m25s: infos 731/758 sent/received, bytes 105240B/118136B sent/received)
gossip server (0/3 cur/max conns, infos 1904/3857 sent/received, bytes 292260B/561851B sent/received)
I190909 18:10:57.860693 108 server/status/runtime.go:500  [n2] runtime stats: 288 MiB RSS, 157 goroutines, 104 MiB/49 MiB/169 MiB GO alloc/idle/total, 63 MiB/69 MiB CGO alloc/total, 26.3 CGO/sec, 0.7/2.0 %(u/s)time, 0.0 %gc (0x), 87 KiB/48 KiB (r/w)net
I190909 18:11:07.864272 108 server/status/runtime.go:500  [n2] runtime stats: 290 MiB RSS, 157 goroutines, 112 MiB/41 MiB/169 MiB GO alloc/idle/total, 63 MiB/69 MiB CGO alloc/total, 28.0 CGO/sec, 0.9/2.1 %(u/s)time, 0.0 %gc (0x), 86 KiB/45 KiB (r/w)net
I190909 18:11:17.833187 108 server/status/runtime.go:500  [n2] runtime stats: 290 MiB RSS, 156 goroutines, 120 MiB/34 MiB/169 MiB GO alloc/idle/total, 63 MiB/69 MiB CGO alloc/total, 27.6 CGO/sec, 1.2/1.4 %(u/s)time, 0.0 %gc (0x), 84 KiB/45 KiB (r/w)net
I190909 18:11:27.835150 108 server/status/runtime.go:500  [n2] runtime stats: 291 MiB RSS, 156 goroutines, 129 MiB/26 MiB/169 MiB GO alloc/idle/total, 63 MiB/69 MiB CGO alloc/total, 31.4 CGO/sec, 0.6/2.2 %(u/s)time, 0.0 %gc (0x), 88 KiB/49 KiB (r/w)net
I190909 18:11:37.836869 108 server/status/runtime.go:500  [n2] runtime stats: 291 MiB RSS, 156 goroutines, 137 MiB/18 MiB/169 MiB GO alloc/idle/total, 63 MiB/69 MiB CGO alloc/total, 26.6 CGO/sec, 0.9/2.0 %(u/s)time, 0.0 %gc (0x), 85 KiB/45 KiB (r/w)net
I190909 18:11:47.805578 108 server/status/runtime.go:500  [n2] runtime stats: 292 MiB RSS, 157 goroutines, 145 MiB/10 MiB/169 MiB GO alloc/idle/total, 63 MiB/69 MiB CGO alloc/total, 28.0 CGO/sec, 1.1/1.4 %(u/s)time, 0.0 %gc (0x), 86 KiB/47 KiB (r/w)net
I190909 18:11:57.076604 104 gossip/gossip.go:557  [n2] gossip status (ok, 3 nodes)
gossip client (2/3 cur/max conns)
  1: roach1:26257 (30m14s: infos 1300/3302 sent/received, bytes 206511B/473373B sent/received)
  3: roach3:26257 (19m25s: infos 909/947 sent/received, bytes 131244B/147208B sent/received)
gossip server (0/3 cur/max conns, infos 2214/4249 sent/received, bytes 338430B/620664B sent/received)
I190909 18:11:57.811022 108 server/status/runtime.go:500  [n2] runtime stats: 293 MiB RSS, 157 goroutines, 80 MiB/69 MiB/169 MiB GO alloc/idle/total, 63 MiB/69 MiB CGO alloc/total, 27.9 CGO/sec, 1.1/2.3 %(u/s)time, 0.0 %gc (1x), 88 KiB/48 KiB (r/w)net
I190909 18:12:07.812443 108 server/status/runtime.go:500  [n2] runtime stats: 293 MiB RSS, 157 goroutines, 88 MiB/62 MiB/169 MiB GO alloc/idle/total, 71 MiB/77 MiB CGO alloc/total, 25.1 CGO/sec, 1.1/1.5 %(u/s)time, 0.0 %gc (0x), 84 KiB/44 KiB (r/w)net
I190909 18:12:17.777833 108 server/status/runtime.go:500  [n2] runtime stats: 294 MiB RSS, 156 goroutines, 97 MiB/55 MiB/169 MiB GO alloc/idle/total, 71 MiB/77 MiB CGO alloc/total, 29.5 CGO/sec, 1.0/1.4 %(u/s)time, 0.0 %gc (0x), 86 KiB/46 KiB (r/w)net
I190909 18:12:27.780104 108 server/status/runtime.go:500  [n2] runtime stats: 294 MiB RSS, 156 goroutines, 105 MiB/48 MiB/169 MiB GO alloc/idle/total, 71 MiB/77 MiB CGO alloc/total, 28.7 CGO/sec, 1.1/1.5 %(u/s)time, 0.0 %gc (0x), 86 KiB/47 KiB (r/w)net
I190909 18:12:37.783341 108 server/status/runtime.go:500  [n2] runtime stats: 295 MiB RSS, 156 goroutines, 113 MiB/41 MiB/169 MiB GO alloc/idle/total, 70 MiB/77 MiB CGO alloc/total, 29.0 CGO/sec, 1.0/1.6 %(u/s)time, 0.0 %gc (0x), 85 KiB/44 KiB (r/w)net
I190909 18:12:47.750661 108 server/status/runtime.go:500  [n2] runtime stats: 296 MiB RSS, 157 goroutines, 121 MiB/33 MiB/169 MiB GO alloc/idle/total, 70 MiB/77 MiB CGO alloc/total, 22.5 CGO/sec, 0.7/1.8 %(u/s)time, 0.0 %gc (0x), 83 KiB/44 KiB (r/w)net
I190909 18:12:57.005801 104 gossip/gossip.go:557  [n2] gossip status (ok, 3 nodes)
gossip client (2/3 cur/max conns)
  1: roach1:26257 (31m14s: infos 1436/3504 sent/received, bytes 227372B/502984B sent/received)
  3: roach3:26257 (20m25s: infos 1087/1123 sent/received, bytes 156933B/174829B sent/received)
gossip server (0/3 cur/max conns, infos 2528/4627 sent/received, bytes 384980B/677896B sent/received)
I190909 18:12:57.753338 108 server/status/runtime.go:500  [n2] runtime stats: 296 MiB RSS, 157 goroutines, 129 MiB/26 MiB/169 MiB GO alloc/idle/total, 70 MiB/77 MiB CGO alloc/total, 29.0 CGO/sec, 0.7/2.1 %(u/s)time, 0.0 %gc (0x), 89 KiB/49 KiB (r/w)net
I190909 18:13:07.756767 108 server/status/runtime.go:500  [n2] runtime stats: 296 MiB RSS, 157 goroutines, 137 MiB/18 MiB/169 MiB GO alloc/idle/total, 70 MiB/77 MiB CGO alloc/total, 31.8 CGO/sec, 1.2/1.5 %(u/s)time, 0.0 %gc (0x), 88 KiB/48 KiB (r/w)net
I190909 18:13:17.724335 108 server/status/runtime.go:500  [n2] runtime stats: 297 MiB RSS, 156 goroutines, 145 MiB/10 MiB/169 MiB GO alloc/idle/total, 70 MiB/77 MiB CGO alloc/total, 28.9 CGO/sec, 0.9/1.6 %(u/s)time, 0.0 %gc (0x), 87 KiB/45 KiB (r/w)net
I190909 18:13:27.725349 108 server/status/runtime.go:500  [n2] runtime stats: 298 MiB RSS, 156 goroutines, 78 MiB/72 MiB/169 MiB GO alloc/idle/total, 70 MiB/77 MiB CGO alloc/total, 24.5 CGO/sec, 0.6/2.4 %(u/s)time, 0.0 %gc (1x), 84 KiB/45 KiB (r/w)net
I190909 18:13:37.729958 108 server/status/runtime.go:500  [n2] runtime stats: 299 MiB RSS, 156 goroutines, 86 MiB/65 MiB/169 MiB GO alloc/idle/total, 70 MiB/77 MiB CGO alloc/total, 27.7 CGO/sec, 0.6/3.1 %(u/s)time, 0.0 %gc (0x), 85 KiB/46 KiB (r/w)net
I190909 18:13:47.698662 108 server/status/runtime.go:500  [n2] runtime stats: 237 MiB RSS, 157 goroutines, 94 MiB/58 MiB/169 MiB GO alloc/idle/total, 15 MiB/20 MiB CGO alloc/total, 29.2 CGO/sec, 6.8/3.9 %(u/s)time, 0.0 %gc (0x), 85 KiB/45 KiB (r/w)net
I190909 18:13:56.939594 104 gossip/gossip.go:557  [n2] gossip status (ok, 3 nodes)
gossip client (2/3 cur/max conns)
  1: roach1:26257 (32m14s: infos 1568/3711 sent/received, bytes 247737B/533202B sent/received)
  3: roach3:26257 (21m25s: infos 1262/1303 sent/received, bytes 182116B/202925B sent/received)
gossip server (0/3 cur/max conns, infos 2835/5014 sent/received, bytes 430528B/736210B sent/received)
I190909 18:13:57.700969 108 server/status/runtime.go:500  [n2] runtime stats: 237 MiB RSS, 157 goroutines, 102 MiB/50 MiB/169 MiB GO alloc/idle/total, 15 MiB/20 MiB CGO alloc/total, 27.3 CGO/sec, 0.8/1.9 %(u/s)time, 0.0 %gc (0x), 88 KiB/49 KiB (r/w)net
I190909 18:14:07.702232 108 server/status/runtime.go:500  [n2] runtime stats: 238 MiB RSS, 157 goroutines, 110 MiB/43 MiB/169 MiB GO alloc/idle/total, 15 MiB/20 MiB CGO alloc/total, 30.5 CGO/sec, 0.9/1.7 %(u/s)time, 0.0 %gc (0x), 87 KiB/47 KiB (r/w)net
I190909 18:14:17.669163 108 server/status/runtime.go:500  [n2] runtime stats: 239 MiB RSS, 156 goroutines, 110 MiB/43 MiB/169 MiB GO alloc/idle/total, 15 MiB/20 MiB CGO alloc/total, 28.3 CGO/sec, 0.8/1.2 %(u/s)time, 0.0 %gc (0x), 82 KiB/43 KiB (r/w)net
I190909 18:14:27.673360 108 server/status/runtime.go:500  [n2] runtime stats: 240 MiB RSS, 156 goroutines, 126 MiB/28 MiB/169 MiB GO alloc/idle/total, 15 MiB/20 MiB CGO alloc/total, 26.0 CGO/sec, 1.1/1.3 %(u/s)time, 0.0 %gc (0x), 87 KiB/48 KiB (r/w)net
I190909 18:14:37.676039 108 server/status/runtime.go:500  [n2] runtime stats: 240 MiB RSS, 156 goroutines, 134 MiB/20 MiB/169 MiB GO alloc/idle/total, 15 MiB/20 MiB CGO alloc/total, 28.5 CGO/sec, 0.8/1.5 %(u/s)time, 0.0 %gc (0x), 84 KiB/46 KiB (r/w)net
I190909 18:14:47.642618 108 server/status/runtime.go:500  [n2] runtime stats: 241 MiB RSS, 157 goroutines, 142 MiB/12 MiB/169 MiB GO alloc/idle/total, 15 MiB/21 MiB CGO alloc/total, 27.5 CGO/sec, 0.7/1.6 %(u/s)time, 0.0 %gc (0x), 86 KiB/45 KiB (r/w)net
I190909 18:14:56.866193 104 gossip/gossip.go:557  [n2] gossip status (ok, 3 nodes)
gossip client (2/3 cur/max conns)
  1: roach1:26257 (33m14s: infos 1770/3912 sent/received, bytes 277727B/564858B sent/received)
  3: roach3:26257 (22m25s: infos 1369/1492 sent/received, bytes 198442B/230012B sent/received)
gossip server (0/3 cur/max conns, infos 3144/5404 sent/received, bytes 476844B/794953B sent/received)
I190909 18:14:57.646759 108 server/status/runtime.go:500  [n2] runtime stats: 241 MiB RSS, 157 goroutines, 79 MiB/71 MiB/169 MiB GO alloc/idle/total, 15 MiB/21 MiB CGO alloc/total, 28.8 CGO/sec, 1.1/1.9 %(u/s)time, 0.0 %gc (1x), 88 KiB/46 KiB (r/w)net
I190909 18:15:07.647890 108 server/status/runtime.go:500  [n2] runtime stats: 242 MiB RSS, 157 goroutines, 87 MiB/64 MiB/169 MiB GO alloc/idle/total, 15 MiB/21 MiB CGO alloc/total, 23.1 CGO/sec, 0.6/1.5 %(u/s)time, 0.0 %gc (0x), 84 KiB/45 KiB (r/w)net
I190909 18:15:17.622198 108 server/status/runtime.go:500  [n2] runtime stats: 243 MiB RSS, 156 goroutines, 95 MiB/57 MiB/169 MiB GO alloc/idle/total, 15 MiB/21 MiB CGO alloc/total, 30.8 CGO/sec, 0.7/1.5 %(u/s)time, 0.0 %gc (0x), 84 KiB/45 KiB (r/w)net
I190909 18:15:27.623334 108 server/status/runtime.go:500  [n2] runtime stats: 244 MiB RSS, 156 goroutines, 103 MiB/50 MiB/169 MiB GO alloc/idle/total, 15 MiB/21 MiB CGO alloc/total, 27.1 CGO/sec, 1.0/1.2 %(u/s)time, 0.0 %gc (0x), 84 KiB/46 KiB (r/w)net
I190909 18:15:37.626053 108 server/status/runtime.go:500  [n2] runtime stats: 244 MiB RSS, 156 goroutines, 111 MiB/42 MiB/169 MiB GO alloc/idle/total, 15 MiB/21 MiB CGO alloc/total, 31.5 CGO/sec, 1.0/2.6 %(u/s)time, 0.0 %gc (0x), 87 KiB/47 KiB (r/w)net
I190909 18:15:47.592074 108 server/status/runtime.go:500  [n2] runtime stats: 245 MiB RSS, 157 goroutines, 119 MiB/35 MiB/169 MiB GO alloc/idle/total, 15 MiB/21 MiB CGO alloc/total, 28.9 CGO/sec, 0.8/2.0 %(u/s)time, 0.0 %gc (0x), 85 KiB/46 KiB (r/w)net
I190909 18:15:57.012752 104 gossip/gossip.go:557  [n2] gossip status (ok, 3 nodes)
gossip client (2/3 cur/max conns)
  1: roach1:26257 (34m14s: infos 1961/4092 sent/received, bytes 306785B/593774B sent/received)
  3: roach3:26257 (23m25s: infos 1496/1657 sent/received, bytes 216905B/254762B sent/received)
gossip server (0/3 cur/max conns, infos 3462/5749 sent/received, bytes 524365B/848619B sent/received)
I190909 18:15:57.595075 108 server/status/runtime.go:500  [n2] runtime stats: 245 MiB RSS, 157 goroutines, 127 MiB/27 MiB/169 MiB GO alloc/idle/total, 23 MiB/30 MiB CGO alloc/total, 29.0 CGO/sec, 0.9/1.6 %(u/s)time, 0.0 %gc (0x), 87 KiB/50 KiB (r/w)net
I190909 18:16:07.597761 108 server/status/runtime.go:500  [n2] runtime stats: 246 MiB RSS, 157 goroutines, 135 MiB/20 MiB/169 MiB GO alloc/idle/total, 23 MiB/30 MiB CGO alloc/total, 27.4 CGO/sec, 0.4/2.2 %(u/s)time, 0.0 %gc (0x), 85 KiB/46 KiB (r/w)net
I190909 18:16:17.568355 108 server/status/runtime.go:500  [n2] runtime stats: 247 MiB RSS, 156 goroutines, 143 MiB/12 MiB/169 MiB GO alloc/idle/total, 23 MiB/30 MiB CGO alloc/total, 31.5 CGO/sec, 0.9/2.0 %(u/s)time, 0.0 %gc (0x), 87 KiB/46 KiB (r/w)net
I190909 18:16:26.785554 103 storage/store.go:4216  [n2,s2] sstables (read amplification = 1):
0 [ 431K 1 ]: 431K
I190909 18:16:26.786626 103 storage/store.go:4217  [n2,s2] 
** Compaction Stats [default] **
Level    Files   Size     Score Read(GB)  Rn(GB) Rnp1(GB) Write(GB) Wnew(GB) Moved(GB) W-Amp Rd(MB/s) Wr(MB/s) Comp(sec) Comp(cnt) Avg(sec) KeyIn KeyDrop
----------------------------------------------------------------------------------------------------------------------------------------------------------
  L0      1/0   430.65 KB   0.5      0.0     0.0      0.0       0.0      0.0       0.0   1.0      0.0      0.6         1         1    0.736       0      0
 Sum      1/0   430.65 KB   0.0      0.0     0.0      0.0       0.0      0.0       0.0   1.0      0.0      0.6         1         1    0.736       0      0
 Int      0/0    0.00 KB   0.0      0.0     0.0      0.0       0.0      0.0       0.0   1.0      0.0      0.6         1         1    0.736       0      0
Uptime(secs): 2083.9 total, 1473.5 interval
Flush(GB): cumulative 0.000, interval 0.000
AddFile(GB): cumulative 0.000, interval 0.000
AddFile(Total Files): cumulative 0, interval 0
AddFile(L0 Files): cumulative 0, interval 0
AddFile(Keys): cumulative 0, interval 0
Cumulative compaction: 0.00 GB write, 0.00 MB/s write, 0.00 GB read, 0.00 MB/s read, 0.7 seconds
Interval compaction: 0.00 GB write, 0.00 MB/s write, 0.00 GB read, 0.00 MB/s read, 0.7 seconds
Stalls(count): 0 level0_slowdown, 0 level0_slowdown_with_compaction, 0 level0_numfiles, 0 level0_numfiles_with_compaction, 0 stop for pending_compaction_bytes, 0 slowdown for pending_compaction_bytes, 0 memtable_compaction, 0 memtable_slowdown, interval 0 total count
estimated_pending_compaction_bytes: 0 B
I190909 18:16:27.572020 108 server/status/runtime.go:500  [n2] runtime stats: 248 MiB RSS, 156 goroutines, 78 MiB/71 MiB/169 MiB GO alloc/idle/total, 23 MiB/30 MiB CGO alloc/total, 27.4 CGO/sec, 0.7/2.3 %(u/s)time, 0.0 %gc (1x), 86 KiB/45 KiB (r/w)net
I190909 18:16:37.574162 108 server/status/runtime.go:500  [n2] runtime stats: 248 MiB RSS, 156 goroutines, 86 MiB/64 MiB/169 MiB GO alloc/idle/total, 24 MiB/30 MiB CGO alloc/total, 25.8 CGO/sec, 0.7/2.0 %(u/s)time, 0.0 %gc (0x), 84 KiB/45 KiB (r/w)net
I190909 18:16:47.544615 108 server/status/runtime.go:500  [n2] runtime stats: 249 MiB RSS, 157 goroutines, 95 MiB/57 MiB/169 MiB GO alloc/idle/total, 24 MiB/30 MiB CGO alloc/total, 31.6 CGO/sec, 1.1/1.4 %(u/s)time, 0.0 %gc (0x), 86 KiB/46 KiB (r/w)net
I190909 18:16:56.728074 104 gossip/gossip.go:557  [n2] gossip status (ok, 3 nodes)
gossip client (2/3 cur/max conns)
  1: roach1:26257 (35m14s: infos 2115/4298 sent/received, bytes 329879B/624299B sent/received)
  3: roach3:26257 (24m25s: infos 1654/1837 sent/received, bytes 239986B/282195B sent/received)
gossip server (0/3 cur/max conns, infos 3774/6135 sent/received, bytes 570540B/906577B sent/received)
I190909 18:16:57.546366 108 server/status/runtime.go:500  [n2] runtime stats: 249 MiB RSS, 157 goroutines, 103 MiB/50 MiB/169 MiB GO alloc/idle/total, 23 MiB/30 MiB CGO alloc/total, 29.7 CGO/sec, 0.6/2.3 %(u/s)time, 0.0 %gc (0x), 87 KiB/48 KiB (r/w)net
I190909 18:17:07.548257 108 server/status/runtime.go:500  [n2] runtime stats: 250 MiB RSS, 157 goroutines, 111 MiB/43 MiB/169 MiB GO alloc/idle/total, 23 MiB/30 MiB CGO alloc/total, 27.9 CGO/sec, 0.8/1.8 %(u/s)time, 0.0 %gc (0x), 86 KiB/46 KiB (r/w)net
I190909 18:17:17.520218 108 server/status/runtime.go:500  [n2] runtime stats: 251 MiB RSS, 156 goroutines, 119 MiB/35 MiB/169 MiB GO alloc/idle/total, 23 MiB/30 MiB CGO alloc/total, 26.3 CGO/sec, 0.5/2.0 %(u/s)time, 0.0 %gc (0x), 82 KiB/44 KiB (r/w)net
I190909 18:17:27.522508 108 server/status/runtime.go:500  [n2] runtime stats: 251 MiB RSS, 156 goroutines, 127 MiB/28 MiB/169 MiB GO alloc/idle/total, 23 MiB/30 MiB CGO alloc/total, 28.9 CGO/sec, 0.7/2.1 %(u/s)time, 0.0 %gc (0x), 88 KiB/46 KiB (r/w)net
I190909 18:17:37.524901 108 server/status/runtime.go:500  [n2] runtime stats: 252 MiB RSS, 156 goroutines, 135 MiB/20 MiB/169 MiB GO alloc/idle/total, 23 MiB/30 MiB CGO alloc/total, 28.2 CGO/sec, 1.1/1.7 %(u/s)time, 0.0 %gc (0x), 86 KiB/45 KiB (r/w)net
I190909 18:17:47.490236 108 server/status/runtime.go:500  [n2] runtime stats: 252 MiB RSS, 157 goroutines, 143 MiB/12 MiB/169 MiB GO alloc/idle/total, 23 MiB/30 MiB CGO alloc/total, 29.5 CGO/sec, 0.6/2.2 %(u/s)time, 0.0 %gc (0x), 85 KiB/44 KiB (r/w)net
I190909 18:17:56.659541 104 gossip/gossip.go:557  [n2] gossip status (ok, 3 nodes)
gossip client (2/3 cur/max conns)
  1: roach1:26257 (36m14s: infos 2247/4502 sent/received, bytes 349913B/653432B sent/received)
  3: roach3:26257 (25m24s: infos 1817/2021 sent/received, bytes 263893B/310501B sent/received)
gossip server (0/3 cur/max conns, infos 4069/6523 sent/received, bytes 614481B/964016B sent/received)
I190909 18:17:57.491697 108 server/status/runtime.go:500  [n2] runtime stats: 253 MiB RSS, 157 goroutines, 78 MiB/72 MiB/169 MiB GO alloc/idle/total, 23 MiB/30 MiB CGO alloc/total, 26.7 CGO/sec, 0.7/2.7 %(u/s)time, 0.0 %gc (1x), 86 KiB/46 KiB (r/w)net
I190909 18:18:07.495010 108 server/status/runtime.go:500  [n2] runtime stats: 253 MiB RSS, 157 goroutines, 86 MiB/64 MiB/169 MiB GO alloc/idle/total, 23 MiB/30 MiB CGO alloc/total, 29.4 CGO/sec, 0.8/1.9 %(u/s)time, 0.0 %gc (0x), 86 KiB/45 KiB (r/w)net
I190909 18:18:17.774956 108 server/status/runtime.go:500  [n2] runtime stats: 254 MiB RSS, 157 goroutines, 89 MiB/62 MiB/169 MiB GO alloc/idle/total, 31 MiB/38 MiB CGO alloc/total, 23.9 CGO/sec, 3.2/3.5 %(u/s)time, 0.0 %gc (0x), 65 KiB/26 KiB (r/w)net
W190909 18:18:19.105752 163 storage/node_liveness.go:523  [n2,hb] slow heartbeat took 1.2s
I190909 18:18:27.783628 108 server/status/runtime.go:500  [n2] runtime stats: 255 MiB RSS, 156 goroutines, 104 MiB/49 MiB/169 MiB GO alloc/idle/total, 31 MiB/38 MiB CGO alloc/total, 35.7 CGO/sec, 7.2/7.9 %(u/s)time, 0.0 %gc (0x), 127 KiB/68 KiB (r/w)net
I190909 18:18:37.795200 108 server/status/runtime.go:500  [n2] runtime stats: 256 MiB RSS, 156 goroutines, 112 MiB/42 MiB/169 MiB GO alloc/idle/total, 31 MiB/38 MiB CGO alloc/total, 29.5 CGO/sec, 2.2/2.4 %(u/s)time, 0.0 %gc (0x), 85 KiB/45 KiB (r/w)net
I190909 18:18:47.764470 108 server/status/runtime.go:500  [n2] runtime stats: 256 MiB RSS, 157 goroutines, 119 MiB/35 MiB/169 MiB GO alloc/idle/total, 31 MiB/38 MiB CGO alloc/total, 24.8 CGO/sec, 0.7/2.2 %(u/s)time, 0.0 %gc (0x), 74 KiB/44 KiB (r/w)net
I190909 18:18:56.592544 104 gossip/gossip.go:557  [n2] gossip status (ok, 3 nodes)
gossip client (2/3 cur/max conns)
  1: roach1:26257 (37m14s: infos 2407/4701 sent/received, bytes 374221B/683472B sent/received)
  3: roach3:26257 (26m24s: infos 1956/2199 sent/received, bytes 284134B/337175B sent/received)
gossip server (0/3 cur/max conns, infos 4368/6900 sent/received, bytes 659030B/1020730B sent/received)
I190909 18:18:57.794714 108 server/status/runtime.go:500  [n2] runtime stats: 256 MiB RSS, 157 goroutines, 127 MiB/28 MiB/169 MiB GO alloc/idle/total, 31 MiB/38 MiB CGO alloc/total, 27.2 CGO/sec, 2.9/4.1 %(u/s)time, 0.0 %gc (0x), 80 KiB/50 KiB (r/w)net
I190909 18:19:07.800973 108 server/status/runtime.go:500  [n2] runtime stats: 257 MiB RSS, 157 goroutines, 136 MiB/19 MiB/169 MiB GO alloc/idle/total, 31 MiB/38 MiB CGO alloc/total, 29.8 CGO/sec, 1.5/3.0 %(u/s)time, 0.0 %gc (0x), 105 KiB/49 KiB (r/w)net
I190909 18:19:17.769203 108 server/status/runtime.go:500  [n2] runtime stats: 258 MiB RSS, 156 goroutines, 144 MiB/11 MiB/169 MiB GO alloc/idle/total, 31 MiB/38 MiB CGO alloc/total, 29.6 CGO/sec, 2.1/1.9 %(u/s)time, 0.0 %gc (0x), 86 KiB/46 KiB (r/w)net
I190909 18:19:27.774109 108 server/status/runtime.go:500  [n2] runtime stats: 259 MiB RSS, 156 goroutines, 80 MiB/70 MiB/169 MiB GO alloc/idle/total, 31 MiB/38 MiB CGO alloc/total, 27.3 CGO/sec, 3.8/3.9 %(u/s)time, 0.0 %gc (1x), 86 KiB/46 KiB (r/w)net
I190909 18:19:37.777692 108 server/status/runtime.go:500  [n2] runtime stats: 259 MiB RSS, 156 goroutines, 88 MiB/63 MiB/169 MiB GO alloc/idle/total, 31 MiB/38 MiB CGO alloc/total, 27.2 CGO/sec, 1.2/2.0 %(u/s)time, 0.0 %gc (0x), 86 KiB/46 KiB (r/w)net
I190909 18:19:47.754260 108 server/status/runtime.go:500  [n2] runtime stats: 260 MiB RSS, 157 goroutines, 96 MiB/56 MiB/169 MiB GO alloc/idle/total, 31 MiB/38 MiB CGO alloc/total, 30.5 CGO/sec, 1.3/1.5 %(u/s)time, 0.0 %gc (0x), 86 KiB/47 KiB (r/w)net
I190909 18:19:56.524201 104 gossip/gossip.go:557  [n2] gossip status (ok, 3 nodes)
gossip client (2/3 cur/max conns)
  1: roach1:26257 (38m14s: infos 2575/4912 sent/received, bytes 399547B/715339B sent/received)
  3: roach3:26257 (27m24s: infos 2100/2378 sent/received, bytes 305229B/363905B sent/received)
gossip server (0/3 cur/max conns, infos 4680/7290 sent/received, bytes 705451B/1079327B sent/received)
I190909 18:19:57.765683 108 server/status/runtime.go:500  [n2] runtime stats: 260 MiB RSS, 157 goroutines, 104 MiB/48 MiB/169 MiB GO alloc/idle/total, 31 MiB/38 MiB CGO alloc/total, 26.5 CGO/sec, 1.6/2.2 %(u/s)time, 0.0 %gc (0x), 89 KiB/50 KiB (r/w)net
I190909 18:20:07.768019 108 server/status/runtime.go:500  [n2] runtime stats: 261 MiB RSS, 157 goroutines, 112 MiB/41 MiB/169 MiB GO alloc/idle/total, 31 MiB/38 MiB CGO alloc/total, 28.1 CGO/sec, 1.0/2.4 %(u/s)time, 0.0 %gc (0x), 84 KiB/46 KiB (r/w)net
I190909 18:20:18.713155 108 server/status/runtime.go:500  [n2] runtime stats: 262 MiB RSS, 156 goroutines, 120 MiB/34 MiB/169 MiB GO alloc/idle/total, 31 MiB/39 MiB CGO alloc/total, 22.1 CGO/sec, 3.0/2.6 %(u/s)time, 0.0 %gc (0x), 66 KiB/44 KiB (r/w)net
I190909 18:20:28.715758 108 server/status/runtime.go:500  [n2] runtime stats: 263 MiB RSS, 156 goroutines, 129 MiB/26 MiB/169 MiB GO alloc/idle/total, 39 MiB/47 MiB CGO alloc/total, 36.2 CGO/sec, 4.8/4.2 %(u/s)time, 0.0 %gc (0x), 110 KiB/53 KiB (r/w)net
I190909 18:20:38.720794 108 server/status/runtime.go:500  [n2] runtime stats: 263 MiB RSS, 156 goroutines, 137 MiB/18 MiB/169 MiB GO alloc/idle/total, 39 MiB/47 MiB CGO alloc/total, 30.9 CGO/sec, 0.8/2.2 %(u/s)time, 0.0 %gc (0x), 88 KiB/48 KiB (r/w)net
I190909 18:20:48.688167 108 server/status/runtime.go:500  [n2] runtime stats: 264 MiB RSS, 157 goroutines, 145 MiB/10 MiB/169 MiB GO alloc/idle/total, 39 MiB/47 MiB CGO alloc/total, 29.1 CGO/sec, 0.9/1.9 %(u/s)time, 0.0 %gc (0x), 84 KiB/45 KiB (r/w)net
I190909 18:20:56.452578 104 gossip/gossip.go:557  [n2] gossip status (ok, 3 nodes)
gossip client (2/3 cur/max conns)
  1: roach1:26257 (39m14s: infos 2756/5112 sent/received, bytes 426964B/746233B sent/received)
  3: roach3:26257 (28m24s: infos 2227/2567 sent/received, bytes 323668B/391635B sent/received)
gossip server (0/3 cur/max conns, infos 4988/7679 sent/received, bytes 751307B/1137951B sent/received)
I190909 18:20:58.689866 108 server/status/runtime.go:500  [n2] runtime stats: 263 MiB RSS, 157 goroutines, 80 MiB/68 MiB/168 MiB GO alloc/idle/total, 39 MiB/47 MiB CGO alloc/total, 28.8 CGO/sec, 1.3/2.4 %(u/s)time, 0.0 %gc (1x), 90 KiB/49 KiB (r/w)net
I190909 18:21:08.691853 108 server/status/runtime.go:500  [n2] runtime stats: 264 MiB RSS, 157 goroutines, 88 MiB/61 MiB/168 MiB GO alloc/idle/total, 39 MiB/47 MiB CGO alloc/total, 26.9 CGO/sec, 0.8/2.0 %(u/s)time, 0.0 %gc (0x), 85 KiB/47 KiB (r/w)net
I190909 18:21:18.660038 108 server/status/runtime.go:500  [n2] runtime stats: 264 MiB RSS, 156 goroutines, 96 MiB/54 MiB/168 MiB GO alloc/idle/total, 39 MiB/47 MiB CGO alloc/total, 26.8 CGO/sec, 1.0/1.7 %(u/s)time, 0.0 %gc (0x), 85 KiB/46 KiB (r/w)net
I190909 18:21:28.662644 108 server/status/runtime.go:500  [n2] runtime stats: 265 MiB RSS, 156 goroutines, 104 MiB/47 MiB/168 MiB GO alloc/idle/total, 39 MiB/47 MiB CGO alloc/total, 28.9 CGO/sec, 0.9/1.9 %(u/s)time, 0.0 %gc (0x), 85 KiB/45 KiB (r/w)net
I190909 18:21:38.678415 108 server/status/runtime.go:500  [n2] runtime stats: 265 MiB RSS, 156 goroutines, 112 MiB/40 MiB/168 MiB GO alloc/idle/total, 39 MiB/47 MiB CGO alloc/total, 29.4 CGO/sec, 1.2/1.6 %(u/s)time, 0.0 %gc (0x), 86 KiB/47 KiB (r/w)net
I190909 18:21:48.644306 108 server/status/runtime.go:500  [n2] runtime stats: 266 MiB RSS, 157 goroutines, 120 MiB/32 MiB/168 MiB GO alloc/idle/total, 39 MiB/47 MiB CGO alloc/total, 24.6 CGO/sec, 1.1/2.1 %(u/s)time, 0.0 %gc (0x), 85 KiB/45 KiB (r/w)net
I190909 18:21:56.384817 104 gossip/gossip.go:557  [n2] gossip status (ok, 3 nodes)
gossip client (2/3 cur/max conns)
  1: roach1:26257 (40m13s: infos 2911/5314 sent/received, bytes 450605B/776882B sent/received)
  3: roach3:26257 (29m24s: infos 2382/2725 sent/received, bytes 346140B/416692B sent/received)
gossip server (0/3 cur/max conns, infos 5298/8039 sent/received, bytes 797420B/1193657B sent/received)
I190909 18:21:58.646538 108 server/status/runtime.go:500  [n2] runtime stats: 267 MiB RSS, 157 goroutines, 128 MiB/24 MiB/168 MiB GO alloc/idle/total, 39 MiB/47 MiB CGO alloc/total, 30.0 CGO/sec, 1.2/1.4 %(u/s)time, 0.0 %gc (0x), 88 KiB/49 KiB (r/w)net
